TN:
SF:/Users/jviotti/Projects/resin/contrato/lib/blueprint.js
FN:48,(anonymous_0)
FN:55,(anonymous_1)
FN:111,(anonymous_2)
FN:114,(anonymous_3)
FN:120,(anonymous_4)
FN:151,(anonymous_5)
FNF:6
FNH:6
FNDA:20,(anonymous_0)
FNDA:31,(anonymous_1)
FNDA:13,(anonymous_2)
FNDA:19,(anonymous_3)
FNDA:65,(anonymous_4)
FNDA:45,(anonymous_5)
DA:19,2
DA:20,2
DA:21,2
DA:22,2
DA:23,2
DA:49,20
DA:55,20
DA:56,31
DA:61,31
DA:63,31
DA:64,31
DA:65,31
DA:66,31
DA:68,31
DA:112,13
DA:114,13
DA:115,19
DA:120,13
DA:121,65
DA:122,29
DA:126,29
DA:131,29
DA:136,9
DA:139,20
DA:142,36
DA:146,36
DA:151,13
DA:152,45
DA:157,45
DA:161,45
DA:165,45
DA:166,10
DA:169,4
DA:175,45
DA:178,2
DA:181,43
DA:182,43
DA:187,2
LF:38
LH:38
BRDA:57,0,0,31
BRDA:57,0,1,29
BRDA:63,1,0,26
BRDA:63,1,1,5
BRDA:121,2,0,29
BRDA:121,2,1,36
BRDA:131,3,0,9
BRDA:131,3,1,20
BRDA:157,4,0,39
BRDA:157,4,1,6
BRDA:166,5,0,4
BRDA:166,5,1,6
BRDA:175,6,0,2
BRDA:175,6,1,43
BRF:14
BRH:14
end_of_record
TN:
SF:/Users/jviotti/Projects/resin/contrato/lib/cardinality.js
FN:63,(anonymous_0)
FNF:1
FNH:1
FNDA:135,(anonymous_0)
DA:23,3
DA:30,3
DA:63,3
DA:64,135
DA:65,28
DA:68,107
DA:69,22
DA:71,22
DA:72,2
DA:75,20
DA:76,4
DA:79,16
DA:80,5
DA:81,5
DA:84,11
DA:90,85
DA:93,85
DA:94,4
DA:97,81
DA:106,12
DA:109,69
LF:21
LH:21
BRDA:64,0,0,28
BRDA:64,0,1,107
BRDA:68,1,0,22
BRDA:68,1,1,85
BRDA:71,2,0,2
BRDA:71,2,1,20
BRDA:75,3,0,4
BRDA:75,3,1,16
BRDA:75,4,0,20
BRDA:75,4,1,18
BRDA:79,5,0,5
BRDA:79,5,1,11
BRDA:93,6,0,4
BRDA:93,6,1,81
BRDA:97,7,0,12
BRDA:97,7,1,69
BRDA:104,8,0,81
BRDA:104,8,1,27
BRF:18
BRH:18
end_of_record
TN:
SF:/Users/jviotti/Projects/resin/contrato/lib/children-tree.js
FN:41,(anonymous_0)
FN:94,(anonymous_1)
FN:95,(anonymous_2)
FNF:3
FNH:3
FNDA:1569,(anonymous_0)
FNDA:1187,(anonymous_1)
FNDA:53,(anonymous_2)
DA:23,39
DA:24,39
DA:41,39
DA:42,1569
DA:44,1569
DA:45,603
DA:46,444
DA:47,444
DA:48,444
DA:51,159
DA:52,339
DA:53,339
DA:54,417
DA:57,339
DA:58,0
DA:61,339
DA:65,1569
DA:94,39
DA:95,1187
DA:96,53
DA:97,24
DA:100,29
DA:101,29
LF:23
LH:22
BRDA:45,0,0,444
BRDA:45,0,1,159
BRDA:57,1,0,0
BRDA:57,1,1,339
BRDA:61,2,0,262
BRDA:61,2,1,77
BRDA:96,3,0,24
BRDA:96,3,1,29
BRF:8
BRH:7
end_of_record
TN:
SF:/Users/jviotti/Projects/resin/contrato/lib/contract.js
FN:52,(anonymous_0)
FN:92,(anonymous_1)
FN:106,(anonymous_2)
FN:132,(anonymous_3)
FN:191,(anonymous_4)
FN:232,(anonymous_5)
FN:253,(anonymous_6)
FN:276,(anonymous_7)
FN:302,(anonymous_8)
FN:323,(anonymous_9)
FN:344,(anonymous_10)
FN:363,(anonymous_11)
FN:385,(anonymous_12)
FN:444,(anonymous_13)
FN:507,(anonymous_14)
FN:549,(anonymous_15)
FN:580,(anonymous_16)
FN:604,(anonymous_17)
FN:605,(anonymous_18)
FN:632,(anonymous_19)
FN:664,(anonymous_20)
FN:810,(anonymous_21)
FN:825,(anonymous_22)
FN:853,(anonymous_23)
FN:945,(anonymous_24)
FN:959,(anonymous_25)
FN:1017,(anonymous_26)
FN:1018,(anonymous_27)
FN:1031,(anonymous_28)
FN:1054,(anonymous_29)
FN:1072,(anonymous_30)
FN:1128,(anonymous_31)
FN:1169,(anonymous_32)
FN:1196,(anonymous_33)
FN:1232,(anonymous_34)
FN:1233,(anonymous_35)
FNF:36
FNH:36
FNDA:1163,(anonymous_0)
FNDA:1378,(anonymous_1)
FNDA:1564,(anonymous_2)
FNDA:128,(anonymous_3)
FNDA:1210,(anonymous_4)
FNDA:21,(anonymous_5)
FNDA:660,(anonymous_6)
FNDA:606,(anonymous_7)
FNDA:3,(anonymous_8)
FNDA:667,(anonymous_9)
FNDA:19,(anonymous_10)
FNDA:915,(anonymous_11)
FNDA:598,(anonymous_12)
FNDA:21,(anonymous_13)
FNDA:265,(anonymous_14)
FNDA:1118,(anonymous_15)
FNDA:1068,(anonymous_16)
FNDA:3600,(anonymous_17)
FNDA:2013,(anonymous_18)
FNDA:50,(anonymous_19)
FNDA:208,(anonymous_20)
FNDA:31,(anonymous_21)
FNDA:33,(anonymous_22)
FNDA:126,(anonymous_23)
FNDA:50,(anonymous_24)
FNDA:13,(anonymous_25)
FNDA:79,(anonymous_26)
FNDA:7,(anonymous_27)
FNDA:67,(anonymous_28)
FNDA:97,(anonymous_29)
FNDA:45,(anonymous_30)
FNDA:86,(anonymous_31)
FNDA:288,(anonymous_32)
FNDA:22,(anonymous_33)
FNDA:63,(anonymous_34)
FNDA:67,(anonymous_35)
DA:19,39
DA:20,39
DA:21,39
DA:22,39
DA:23,39
DA:24,39
DA:25,39
DA:26,39
DA:27,39
DA:28,39
DA:53,1163
DA:54,1163
DA:65,1163
DA:66,29
DA:69,1163
DA:73,1163
DA:77,1163
DA:78,1092
DA:93,1378
DA:107,1564
DA:108,1564
DA:109,411
DA:112,1564
DA:132,1564
DA:133,128
DA:135,128
DA:136,92
DA:139,128
DA:143,128
DA:144,128
DA:147,1564
DA:148,95
DA:149,60
DA:150,60
DA:154,60
DA:157,35
DA:158,35
DA:160,35
DA:161,68
DA:162,68
DA:167,35
DA:171,35
DA:195,1210
DA:202,1210
DA:206,1210
DA:207,1210
DA:208,46
DA:211,1210
DA:233,21
DA:254,660
DA:277,606
DA:278,606
DA:279,606
DA:303,3
DA:324,667
DA:345,19
DA:346,19
DA:347,19
DA:366,915
DA:386,598
DA:388,598
DA:389,10
DA:392,588
DA:393,406
DA:394,406
DA:397,588
DA:398,639
DA:399,568
DA:402,639
DA:405,588
DA:406,588
DA:407,588
DA:408,588
DA:410,588
DA:415,588
DA:416,75
DA:419,588
DA:420,74
DA:423,588
DA:445,21
DA:449,21
DA:450,21
DA:452,21
DA:453,6
DA:456,15
DA:457,15
DA:459,15
DA:460,6
DA:461,6
DA:464,15
DA:465,21
DA:466,21
DA:467,18
DA:471,15
DA:472,6
DA:475,15
DA:476,15
DA:478,15
DA:479,10
DA:482,15
DA:508,265
DA:509,1
DA:512,264
DA:516,264
DA:517,516
DA:528,264
DA:529,264
DA:530,153
DA:533,264
DA:550,1118
DA:552,1118
DA:553,875
DA:554,46
DA:558,1118
DA:581,1068
DA:605,3600
DA:606,2013
DA:607,1808
DA:610,2013
DA:633,50
DA:634,48
DA:639,50
DA:665,208
DA:666,13
DA:669,195
DA:670,195
DA:671,21
DA:674,174
DA:675,174
DA:676,174
DA:678,174
DA:679,787
DA:680,613
DA:688,174
DA:690,174
DA:695,174
DA:696,48
DA:697,104
DA:700,126
DA:701,101
DA:702,101
DA:703,83
DA:709,174
DA:710,174
DA:811,31
DA:813,31
DA:814,1
DA:819,30
DA:820,1
DA:824,29
DA:825,29
DA:826,33
DA:854,126
DA:856,126
DA:857,94
DA:858,72
DA:861,22
DA:862,22
DA:864,22
DA:865,35
DA:866,31
DA:868,31
DA:869,31
DA:870,1
DA:871,1
DA:878,126
DA:946,50
DA:948,50
DA:949,95
DA:950,95
DA:951,21
DA:952,13
DA:955,21
DA:959,50
DA:960,13
DA:1018,79
DA:1019,7
DA:1025,79
DA:1026,6
DA:1030,73
DA:1032,67
DA:1054,73
DA:1057,97
DA:1065,73
DA:1066,81
DA:1072,24
DA:1073,45
DA:1082,24
DA:1083,20
DA:1089,4
DA:1097,57
DA:1098,26
DA:1105,43
DA:1129,86
DA:1136,162
DA:1138,116
DA:1141,46
DA:1144,16
DA:1148,70
DA:1170,288
DA:1197,22
DA:1198,20
DA:1201,2
DA:1233,63
DA:1234,67
DA:1239,39
LF:206
LH:206
BRDA:52,0,0,1092
BRDA:77,1,0,1092
BRDA:77,1,1,71
BRDA:108,2,0,411
BRDA:108,2,1,1153
BRDA:135,3,0,92
BRDA:135,3,1,36
BRDA:147,4,0,1564
BRDA:147,4,1,1485
BRDA:148,5,0,60
BRDA:148,5,1,35
BRDA:191,6,0,46
BRDA:207,7,0,46
BRDA:207,7,1,1164
BRDA:303,8,0,3
BRDA:303,8,1,2
BRDA:347,9,0,8
BRDA:347,9,1,11
BRDA:385,10,0,81
BRDA:388,11,0,10
BRDA:388,11,1,588
BRDA:392,12,0,406
BRDA:392,12,1,182
BRDA:398,13,0,568
BRDA:398,13,1,71
BRDA:415,14,0,75
BRDA:415,14,1,513
BRDA:419,15,0,74
BRDA:419,15,1,514
BRDA:444,16,0,16
BRDA:452,17,0,6
BRDA:452,17,1,15
BRDA:452,18,0,21
BRDA:452,18,1,21
BRDA:459,19,0,6
BRDA:459,19,1,9
BRDA:466,20,0,18
BRDA:466,20,1,3
BRDA:471,21,0,6
BRDA:471,21,1,9
BRDA:478,22,0,10
BRDA:478,22,1,5
BRDA:507,23,0,154
BRDA:508,24,0,1
BRDA:508,24,1,264
BRDA:529,25,0,153
BRDA:529,25,1,111
BRDA:604,26,0,1543
BRDA:606,27,0,1808
BRDA:606,27,1,205
BRDA:606,28,0,2013
BRDA:606,28,1,210
BRDA:633,29,0,48
BRDA:633,29,1,2
BRDA:665,30,0,13
BRDA:665,30,1,195
BRDA:665,31,0,208
BRDA:665,31,1,207
BRDA:670,32,0,21
BRDA:670,32,1,174
BRDA:679,33,0,613
BRDA:679,33,1,174
BRDA:690,34,0,98
BRDA:690,34,1,76
BRDA:691,35,0,98
BRDA:691,35,1,33
BRDA:695,36,0,48
BRDA:695,36,1,126
BRDA:702,37,0,83
BRDA:702,37,1,18
BRDA:813,38,0,1
BRDA:813,38,1,30
BRDA:819,39,0,1
BRDA:819,39,1,29
BRDA:857,40,0,72
BRDA:857,40,1,22
BRDA:951,41,0,13
BRDA:951,41,1,8
BRDA:1017,42,0,18
BRDA:1025,43,0,6
BRDA:1025,43,1,73
BRDA:1030,44,0,45
BRDA:1030,44,1,28
BRDA:1066,45,0,24
BRDA:1066,45,1,57
BRDA:1082,46,0,20
BRDA:1082,46,1,4
BRDA:1082,47,0,24
BRDA:1082,47,1,21
BRDA:1097,48,0,26
BRDA:1097,48,1,31
BRDA:1097,49,0,57
BRDA:1097,49,1,54
BRDA:1128,50,0,5
BRDA:1136,51,0,116
BRDA:1136,51,1,46
BRDA:1136,52,0,162
BRDA:1136,52,1,147
BRDA:1141,53,0,16
BRDA:1141,53,1,30
BRDA:1169,54,0,250
BRDA:1197,55,0,20
BRDA:1197,55,1,2
BRDA:1197,56,0,22
BRDA:1197,56,1,20
BRF:105
BRH:105
end_of_record
TN:
SF:/Users/jviotti/Projects/resin/contrato/lib/hash.js
FN:38,(anonymous_0)
FNF:1
FNH:1
FNDA:1425,(anonymous_0)
DA:23,47
DA:38,47
DA:39,1425
LF:3
LH:3
BRF:0
BRH:0
end_of_record
TN:
SF:/Users/jviotti/Projects/resin/contrato/lib/matcher-cache.js
FN:35,(anonymous_0)
FN:55,(anonymous_1)
FN:79,(anonymous_2)
FN:113,(anonymous_3)
FN:138,(anonymous_4)
FN:166,(anonymous_5)
FN:190,(anonymous_6)
FNF:7
FNH:7
FNDA:410,(anonymous_0)
FNDA:1211,(anonymous_1)
FNDA:213,(anonymous_2)
FNDA:197,(anonymous_3)
FNDA:11,(anonymous_4)
FNDA:608,(anonymous_5)
FNDA:6,(anonymous_6)
DA:19,40
DA:35,40
DA:36,410
DA:56,1211
DA:57,1211
DA:80,213
DA:85,213
DA:114,197
DA:115,197
DA:139,11
DA:167,608
DA:168,608
DA:191,6
DA:192,8
DA:193,2
DA:195,6
DA:199,6
DA:203,40
LF:18
LH:18
BRDA:192,0,0,2
BRDA:192,0,1,6
BRF:2
BRH:2
end_of_record
TN:
SF:/Users/jviotti/Projects/resin/contrato/lib/object-set.js
FN:41,(anonymous_0)
FN:70,(anonymous_1)
FN:94,(anonymous_2)
FN:115,(anonymous_3)
FN:135,(anonymous_4)
FN:157,(anonymous_5)
FN:186,(anonymous_6)
FNF:7
FNH:7
FNDA:1739,(anonymous_0)
FNDA:357,(anonymous_1)
FNDA:6,(anonymous_2)
FNDA:2,(anonymous_3)
FNDA:371,(anonymous_4)
FNDA:147,(anonymous_5)
FNDA:7,(anonymous_6)
DA:19,46
DA:20,46
DA:42,1739
DA:46,1739
DA:47,1739
DA:48,19
DA:49,2
DA:51,17
DA:71,357
DA:72,357
DA:73,9
DA:76,348
DA:77,348
DA:95,6
DA:116,2
DA:136,371
DA:158,147
DA:187,7
DA:188,10
DA:189,7
DA:193,7
DA:197,46
LF:22
LH:22
BRDA:41,0,0,1727
BRDA:48,1,0,2
BRDA:48,1,1,17
BRDA:70,2,0,33
BRDA:71,3,0,357
BRDA:71,3,1,33
BRDA:72,4,0,9
BRDA:72,4,1,348
BRDA:188,5,0,7
BRDA:188,5,1,3
BRF:10
BRH:10
end_of_record
TN:
SF:/Users/jviotti/Projects/resin/contrato/lib/partials.js
FN:64,(anonymous_0)
FN:66,(anonymous_1)
FN:67,(anonymous_2)
FN:76,(anonymous_3)
FN:78,(anonymous_4)
FN:82,(anonymous_5)
FN:88,(anonymous_6)
FN:92,(anonymous_7)
FN:96,(anonymous_8)
FN:104,(anonymous_9)
FN:162,(anonymous_10)
FNF:11
FNH:9
FNDA:9,(anonymous_0)
FNDA:13,(anonymous_1)
FNDA:17,(anonymous_2)
FNDA:9,(anonymous_3)
FNDA:13,(anonymous_4)
FNDA:26,(anonymous_5)
FNDA:38,(anonymous_6)
FNDA:54,(anonymous_7)
FNDA:63,(anonymous_8)
FNDA:0,(anonymous_9)
FNDA:0,(anonymous_10)
DA:19,1
DA:20,1
DA:21,1
DA:22,1
DA:23,1
DA:24,1
DA:26,1
DA:35,1
DA:64,1
DA:65,9
DA:67,13
DA:68,17
DA:71,13
DA:77,9
DA:79,13
DA:83,26
DA:88,9
DA:89,38
DA:93,54
DA:97,63
DA:98,63
DA:104,1
DA:105,0
DA:106,0
DA:111,0
DA:112,0
DA:116,0
DA:117,0
DA:118,0
DA:119,0
DA:122,0
DA:125,0
DA:130,0
DA:131,0
DA:132,0
DA:135,0
DA:162,1
DA:163,0
DA:170,0
LF:39
LH:23
BRDA:116,0,0,0
BRDA:116,0,1,0
BRDA:117,1,0,0
BRDA:117,1,1,0
BRF:4
BRH:0
end_of_record
TN:
SF:/Users/jviotti/Projects/resin/contrato/lib/template.js
FN:51,(anonymous_0)
FN:56,(anonymous_1)
FN:103,(anonymous_2)
FN:104,(anonymous_3)
FN:115,(anonymous_4)
FN:121,(anonymous_5)
FNF:6
FNH:6
FNDA:2076,(anonymous_0)
FNDA:5397,(anonymous_1)
FNDA:1515,(anonymous_2)
FNDA:4927,(anonymous_3)
FNDA:66,(anonymous_4)
FNDA:294,(anonymous_5)
DA:23,40
DA:51,40
DA:52,2076
DA:53,91
DA:56,1985
DA:57,5397
DA:59,5397
DA:60,561
DA:63,4836
DA:72,40
DA:103,40
DA:104,1515
DA:105,4927
DA:106,4406
DA:107,4378
DA:108,4383
DA:109,465
DA:114,3941
DA:115,3941
DA:116,66
DA:120,521
DA:121,195
DA:122,294
DA:126,326
LF:24
LH:24
BRDA:51,0,0,1221
BRDA:52,1,0,91
BRDA:52,1,1,1985
BRDA:59,2,0,561
BRDA:59,2,1,4836
BRDA:103,3,0,6
BRDA:105,4,0,4406
BRDA:105,4,1,521
BRDA:106,5,0,4378
BRDA:106,5,1,28
BRDA:108,6,0,465
BRDA:108,6,1,3918
BRDA:114,7,0,3941
BRDA:114,7,1,3618
BRDA:116,8,0,66
BRDA:116,8,1,14
BRDA:120,9,0,195
BRDA:120,9,1,326
BRF:18
BRH:18
end_of_record
TN:
SF:/Users/jviotti/Projects/resin/contrato/lib/types.js
FNF:0
FNH:0
DA:19,39
LF:1
LH:1
BRF:0
BRH:0
end_of_record
TN:
SF:/Users/jviotti/Projects/resin/contrato/lib/utils.js
FN:43,(anonymous_0)
FN:70,(anonymous_1)
FN:95,(anonymous_2)
FN:117,(anonymous_3)
FN:160,(anonymous_4)
FN:163,(anonymous_5)
FN:168,(anonymous_6)
FN:169,(anonymous_7)
FN:203,(anonymous_8)
FNF:9
FNH:9
FNDA:154,(anonymous_0)
FNDA:7,(anonymous_1)
FNDA:451,(anonymous_2)
FNDA:2,(anonymous_3)
FNDA:29,(anonymous_4)
FNDA:46,(anonymous_5)
FNDA:64,(anonymous_6)
FNDA:162,(anonymous_7)
FNDA:6,(anonymous_8)
DA:19,45
DA:43,45
DA:44,154
DA:45,140
DA:46,33
DA:50,121
DA:70,45
DA:71,7
DA:73,7
DA:74,10
DA:77,7
DA:95,45
DA:96,451
DA:117,45
DA:118,2
DA:120,2
DA:121,3
DA:124,2
DA:160,45
DA:162,29
DA:163,29
DA:164,46
DA:165,5
DA:168,41
DA:169,64
DA:170,162
DA:171,162
DA:172,147
DA:175,162
DA:184,29
DA:185,2
DA:188,27
DA:203,45
DA:204,6
LF:34
LH:34
BRDA:45,0,0,33
BRDA:45,0,1,107
BRDA:164,1,0,5
BRDA:164,1,1,41
BRDA:171,2,0,147
BRDA:171,2,1,15
BRDA:184,3,0,2
BRDA:184,3,1,27
BRF:8
BRH:8
end_of_record
TN:
SF:/Users/jviotti/Projects/resin/contrato/lib/variants.js
FN:70,(anonymous_0)
FN:78,(anonymous_1)
FN:79,(anonymous_2)
FN:80,(anonymous_3)
FNF:4
FNH:4
FNDA:83,(anonymous_0)
FNDA:15,(anonymous_1)
FNDA:16,(anonymous_2)
FNDA:116,(anonymous_3)
DA:29,40
DA:36,40
DA:70,40
DA:71,83
DA:72,83
DA:74,83
DA:75,76
DA:78,7
DA:79,15
DA:80,16
DA:81,116
DA:82,2
DA:87,114
LF:13
LH:13
BRDA:71,0,0,83
BRDA:71,0,1,75
BRDA:74,1,0,76
BRDA:74,1,1,7
BRDA:81,2,0,2
BRDA:81,2,1,114
BRF:6
BRH:6
end_of_record
