TN:
SF:/home/micah/Documents/git/github.com/balena-io/contrato/lib/blueprint.ts
FN:63,(anonymous_1)
FN:72,(anonymous_2)
FN:135,(anonymous_3)
FN:145,(anonymous_4)
FN:147,(anonymous_5)
FN:150,(anonymous_6)
FN:161,(anonymous_7)
FN:162,(anonymous_8)
FN:175,(anonymous_9)
FN:232,(anonymous_10)
FN:247,(anonymous_11)
FN:258,(anonymous_12)
FN:259,(anonymous_13)
FN:266,(anonymous_14)
FN:285,(anonymous_15)
FN:323,(anonymous_16)
FN:372,(anonymous_17)
FN:377,(anonymous_18)
FN:379,(anonymous_19)
FN:391,(anonymous_20)
FN:424,(anonymous_21)
FNF:21
FNH:21
FNDA:22,(anonymous_1)
FNDA:35,(anonymous_2)
FNDA:2,(anonymous_3)
FNDA:4,(anonymous_4)
FNDA:4,(anonymous_5)
FNDA:6,(anonymous_6)
FNDA:4,(anonymous_7)
FNDA:5,(anonymous_8)
FNDA:13,(anonymous_9)
FNDA:26,(anonymous_10)
FNDA:7,(anonymous_11)
FNDA:5,(anonymous_12)
FNDA:10,(anonymous_13)
FNDA:10,(anonymous_14)
FNDA:5,(anonymous_15)
FNDA:6,(anonymous_16)
FNDA:13,(anonymous_17)
FNDA:19,(anonymous_18)
FNDA:19,(anonymous_19)
FNDA:71,(anonymous_20)
FNDA:45,(anonymous_21)
DA:19,3
DA:33,3
DA:35,3
DA:36,3
DA:37,3
DA:38,3
DA:43,3
DA:64,22
DA:70,22
DA:73,35
DA:80,35
DA:82,35
DA:83,35
DA:87,35
DA:88,35
DA:90,35
DA:141,2
DA:143,2
DA:146,4
DA:147,4
DA:148,4
DA:151,6
DA:154,4
DA:156,4
DA:161,2
DA:162,4
DA:163,5
DA:167,2
DA:168,2
DA:170,2
DA:171,2
DA:172,4
DA:175,2
DA:176,13
DA:179,13
DA:180,13
DA:181,26
DA:183,13
DA:187,13
DA:193,13
DA:199,13
DA:203,13
DA:204,0
DA:209,0
DA:215,13
DA:217,13
DA:218,13
DA:222,13
DA:223,1
DA:224,0
DA:226,1
DA:227,1
DA:230,13
DA:232,26
DA:237,13
DA:238,0
DA:239,0
DA:242,13
DA:247,2
DA:248,7
DA:249,7
DA:256,2
DA:258,2
DA:259,10
DA:261,2
DA:262,2
DA:263,2
DA:264,2
DA:266,2
DA:267,10
DA:268,0
DA:270,10
DA:271,17
DA:272,3
DA:275,7
DA:276,1
DA:278,6
DA:285,2
DA:290,5
DA:291,5
DA:292,8
DA:293,8
DA:294,8
DA:295,4
DA:296,4
DA:297,4
DA:298,1
DA:299,1
DA:301,3
DA:302,3
DA:303,3
DA:304,3
DA:306,3
DA:307,1
DA:309,2
DA:312,1
DA:315,2
DA:316,2
DA:317,2
DA:318,2
DA:321,2
DA:324,6
DA:325,6
DA:326,6
DA:331,0
DA:334,6
DA:335,6
DA:337,6
DA:373,13
DA:375,13
DA:378,19
DA:379,19
DA:380,19
DA:384,19
DA:389,13
DA:392,71
DA:393,35
DA:397,35
DA:402,35
DA:407,15
DA:410,20
DA:413,36
DA:417,36
DA:424,13
DA:425,45
DA:431,45
DA:437,45
DA:441,45
DA:442,10
DA:447,4
DA:453,45
DA:458,2
DA:461,43
DA:462,43
LF:134
LH:127
BRDA:74,0,0,35
BRDA:74,0,1,29
BRDA:76,1,0,35
BRDA:76,1,1,31
BRDA:82,2,0,30
BRDA:82,2,1,5
BRDA:84,3,0,35
BRDA:84,3,1,35
BRDA:137,4,0,2
BRDA:194,5,0,13
BRDA:194,5,1,0
BRDA:204,6,0,0
BRDA:204,6,1,0
BRDA:222,7,0,1
BRDA:222,7,1,12
BRDA:222,8,0,13
BRDA:222,8,1,13
BRDA:223,9,0,0
BRDA:223,9,1,1
BRDA:237,10,0,0
BRDA:237,10,1,13
BRDA:237,11,0,13
BRDA:237,11,1,13
BRDA:250,12,0,0
BRDA:250,12,1,7
BRDA:267,13,0,0
BRDA:267,13,1,10
BRDA:271,14,0,3
BRDA:271,14,1,14
BRDA:275,15,0,1
BRDA:275,15,1,6
BRDA:294,16,0,4
BRDA:294,16,1,4
BRDA:297,17,0,1
BRDA:297,17,1,3
BRDA:302,18,0,3
BRDA:302,18,1,0
BRDA:306,19,0,1
BRDA:306,19,1,2
BRDA:315,20,0,2
BRDA:315,20,1,0
BRDA:325,21,0,6
BRDA:325,21,1,0
BRDA:326,22,0,0
BRDA:326,22,1,6
BRDA:392,23,0,35
BRDA:392,23,1,36
BRDA:402,24,0,15
BRDA:402,24,1,20
BRDA:432,25,0,39
BRDA:432,25,1,6
BRDA:442,26,0,4
BRDA:442,26,1,6
BRDA:453,27,0,2
BRDA:453,27,1,43
BRF:55
BRH:44
end_of_record
TN:
SF:/home/micah/Documents/git/github.com/balena-io/contrato/lib/cardinality.ts
FN:73,(anonymous_0)
FNF:1
FNH:1
FNDA:141,(anonymous_0)
DA:19,4
DA:40,4
DA:73,4
DA:76,141
DA:77,28
DA:80,113
DA:81,26
DA:83,26
DA:84,2
DA:87,24
DA:88,4
DA:91,20
DA:92,9
DA:94,9
DA:97,11
DA:100,87
DA:103,87
DA:104,4
DA:107,83
DA:120,10
DA:123,73
LF:21
LH:21
BRDA:76,0,0,28
BRDA:76,0,1,113
BRDA:80,1,0,26
BRDA:80,1,1,87
BRDA:83,2,0,2
BRDA:83,2,1,24
BRDA:87,3,0,4
BRDA:87,3,1,20
BRDA:87,4,0,24
BRDA:87,4,1,22
BRDA:91,5,0,9
BRDA:91,5,1,11
BRDA:103,6,0,4
BRDA:103,6,1,83
BRDA:103,7,0,87
BRDA:103,7,1,5
BRDA:107,8,0,10
BRDA:107,8,1,73
BRDA:108,9,0,83
BRDA:108,9,1,81
BRDA:108,9,2,81
BRDA:117,10,0,81
BRDA:117,10,1,24
BRF:23
BRH:23
end_of_record
TN:
SF:/home/micah/Documents/git/github.com/balena-io/contrato/lib/children-tree.ts
FN:43,(anonymous_0)
FN:106,(anonymous_1)
FN:109,(anonymous_2)
FNF:3
FNH:3
FNDA:1763,(anonymous_0)
FNDA:1318,(anonymous_1)
FNDA:53,(anonymous_2)
DA:19,41
DA:22,41
DA:43,41
DA:44,1763
DA:46,1763
DA:47,721
DA:48,556
DA:49,556
DA:50,556
DA:51,0
DA:53,556
DA:54,556
DA:57,165
DA:60,347
DA:61,347
DA:62,432
DA:63,432
DA:64,0
DA:66,432
DA:69,347
DA:70,0
DA:73,347
DA:77,1763
DA:106,41
DA:107,1318
DA:110,53
DA:111,24
DA:112,24
DA:115,29
DA:116,29
LF:30
LH:27
BRDA:47,0,0,556
BRDA:47,0,1,165
BRDA:50,1,0,0
BRDA:50,1,1,556
BRDA:63,2,0,0
BRDA:63,2,1,432
BRDA:69,3,0,0
BRDA:69,3,1,347
BRDA:73,4,0,266
BRDA:73,4,1,81
BRDA:110,5,0,24
BRDA:110,5,1,29
BRF:12
BRH:9
end_of_record
TN:
SF:/home/micah/Documents/git/github.com/balena-io/contrato/lib/contract.ts
FN:75,(anonymous_1)
FN:110,(anonymous_2)
FN:123,(anonymous_3)
FN:147,(anonymous_4)
FN:198,(anonymous_5)
FN:235,(anonymous_6)
FN:255,(anonymous_7)
FN:277,(anonymous_8)
FN:302,(anonymous_9)
FN:323,(anonymous_10)
FN:343,(anonymous_11)
FN:363,(anonymous_12)
FN:381,(anonymous_13)
FN:402,(anonymous_14)
FN:451,(anonymous_15)
FN:504,(anonymous_16)
FN:541,(anonymous_17)
FN:569,(anonymous_18)
FN:592,(anonymous_19)
FN:595,(anonymous_20)
FN:625,(anonymous_21)
FN:655,(anonymous_22)
FN:710,(anonymous_23)
FN:867,(anonymous_24)
FN:877,(anonymous_25)
FN:884,(anonymous_26)
FN:892,(anonymous_27)
FN:915,(anonymous_28)
FN:942,(anonymous_29)
FN:1031,(anonymous_30)
FN:1047,(anonymous_31)
FN:1106,(anonymous_32)
FN:1112,(anonymous_33)
FN:1126,(anonymous_34)
FN:1148,(anonymous_35)
FN:1168,(anonymous_36)
FN:1252,(anonymous_37)
FN:1258,(anonymous_38)
FN:1272,(anonymous_39)
FN:1292,(anonymous_40)
FN:1308,(anonymous_41)
FN:1330,(anonymous_42)
FN:1376,(anonymous_43)
FN:1405,(anonymous_44)
FN:1455,(anonymous_45)
FN:1484,(anonymous_46)
FN:1518,(anonymous_47)
FN:1521,(anonymous_48)
FN:1524,(anonymous_49)
FNF:49
FNH:45
FNDA:1294,(anonymous_1)
FNDA:1534,(anonymous_2)
FNDA:1758,(anonymous_3)
FNDA:139,(anonymous_4)
FNDA:1361,(anonymous_5)
FNDA:29,(anonymous_6)
FNDA:769,(anonymous_7)
FNDA:670,(anonymous_8)
FNDA:3,(anonymous_9)
FNDA:27,(anonymous_10)
FNDA:731,(anonymous_11)
FNDA:27,(anonymous_12)
FNDA:1073,(anonymous_13)
FNDA:662,(anonymous_14)
FNDA:21,(anonymous_15)
FNDA:307,(anonymous_16)
FNDA:1274,(anonymous_17)
FNDA:1232,(anonymous_18)
FNDA:4305,(anonymous_19)
FNDA:2408,(anonymous_20)
FNDA:60,(anonymous_21)
FNDA:1,(anonymous_22)
FNDA:248,(anonymous_23)
FNDA:35,(anonymous_24)
FNDA:0,(anonymous_25)
FNDA:0,(anonymous_26)
FNDA:6,(anonymous_27)
FNDA:37,(anonymous_28)
FNDA:152,(anonymous_29)
FNDA:63,(anonymous_30)
FNDA:13,(anonymous_31)
FNDA:26,(anonymous_32)
FNDA:0,(anonymous_33)
FNDA:25,(anonymous_34)
FNDA:13,(anonymous_35)
FNDA:0,(anonymous_36)
FNDA:96,(anonymous_37)
FNDA:7,(anonymous_38)
FNDA:119,(anonymous_39)
FNDA:114,(anonymous_40)
FNDA:45,(anonymous_41)
FNDA:4,(anonymous_42)
FNDA:105,(anonymous_43)
FNDA:13,(anonymous_44)
FNDA:313,(anonymous_45)
FNDA:22,(anonymous_46)
FNDA:76,(anonymous_47)
FNDA:81,(anonymous_48)
FNDA:9,(anonymous_49)
DA:18,41
DA:37,41
DA:38,41
DA:39,41
DA:41,41
DA:42,41
DA:43,41
DA:44,41
DA:45,41
DA:46,41
DA:47,41
DA:48,41
DA:49,41
DA:54,41
DA:76,1294
DA:77,1294
DA:87,1294
DA:88,29
DA:90,1294
DA:93,1294
DA:96,1294
DA:97,1204
DA:111,1534
DA:124,1758
DA:125,1758
DA:126,473
DA:128,1758
DA:147,1758
DA:148,139
DA:149,139
DA:150,102
DA:152,139
DA:155,139
DA:156,139
DA:158,1758
DA:159,106
DA:160,67
DA:161,67
DA:164,67
DA:166,39
DA:167,39
DA:168,39
DA:169,39
DA:170,72
DA:171,72
DA:175,39
DA:178,39
DA:202,1361
DA:208,1361
DA:211,1361
DA:212,1361
DA:213,66
DA:215,1361
DA:236,29
DA:256,769
DA:278,670
DA:279,670
DA:280,670
DA:303,3
DA:324,27
DA:344,731
DA:364,27
DA:365,27
DA:366,27
DA:384,1073
DA:403,662
DA:404,662
DA:405,10
DA:407,652
DA:408,458
DA:409,458
DA:411,652
DA:412,694
DA:413,616
DA:415,694
DA:417,652
DA:418,652
DA:419,652
DA:420,652
DA:421,652
DA:425,652
DA:426,75
DA:428,652
DA:429,74
DA:431,652
DA:452,21
DA:455,21
DA:456,21
DA:457,21
DA:458,6
DA:460,15
DA:461,15
DA:462,15
DA:463,6
DA:464,6
DA:466,15
DA:467,21
DA:468,21
DA:469,18
DA:472,15
DA:473,6
DA:475,15
DA:476,15
DA:477,15
DA:478,10
DA:480,15
DA:505,307
DA:506,0
DA:508,307
DA:511,307
DA:512,580
DA:522,307
DA:523,307
DA:524,177
DA:526,307
DA:542,1274
DA:543,1274
DA:544,985
DA:545,46
DA:548,1274
DA:570,1232
DA:593,4305
DA:596,2408
DA:600,2126
DA:602,2408
DA:626,60
DA:627,58
DA:631,60
DA:656,1
DA:657,0
DA:659,1
DA:660,1
DA:666,3
DA:667,3
DA:668,3
DA:669,0
DA:670,0
DA:671,0
DA:672,0
DA:673,0
DA:674,0
DA:676,0
DA:677,0
DA:679,0
DA:681,0
DA:686,1
DA:711,248
DA:716,13
DA:718,235
DA:719,235
DA:720,28
DA:722,207
DA:723,207
DA:724,207
DA:725,207
DA:726,904
DA:727,697
DA:734,207
DA:735,207
DA:736,207
DA:740,207
DA:741,58
DA:742,126
DA:743,126
DA:744,0
DA:746,126
DA:749,149
DA:750,116
DA:751,116
DA:752,100
DA:753,18
DA:754,14
DA:755,13
DA:757,4
DA:758,2
DA:760,18
DA:762,82
DA:767,207
DA:768,207
DA:873,35
DA:874,35
DA:875,35
DA:876,0
DA:877,0
DA:878,0
DA:881,35
DA:882,34
DA:883,2
DA:884,0
DA:885,0
DA:887,0
DA:892,2
DA:893,6
DA:898,35
DA:899,1
DA:905,34
DA:906,1
DA:911,33
DA:915,33
DA:916,37
DA:946,152
DA:947,152
DA:948,94
DA:949,72
DA:951,22
DA:952,22
DA:953,22
DA:954,35
DA:955,31
DA:956,31
DA:957,31
DA:958,1
DA:959,1
DA:965,152
DA:1035,63
DA:1036,63
DA:1037,121
DA:1038,121
DA:1039,21
DA:1040,13
DA:1042,21
DA:1045,63
DA:1048,13
DA:1110,26
DA:1113,0
DA:1122,26
DA:1123,13
DA:1126,13
DA:1127,25
DA:1129,13
DA:1148,13
DA:1151,13
DA:1161,13
DA:1162,13
DA:1168,0
DA:1169,0
DA:1177,0
DA:1178,0
DA:1182,0
DA:1186,13
DA:1187,1
DA:1188,12
DA:1191,0
DA:1197,13
DA:1256,96
DA:1259,7
DA:1268,96
DA:1269,6
DA:1272,90
DA:1273,119
DA:1292,90
DA:1295,114
DA:1301,90
DA:1302,98
DA:1308,24
DA:1309,45
DA:1317,24
DA:1318,20
DA:1323,4
DA:1324,74
DA:1330,4
DA:1331,4
DA:1336,4
DA:1337,2
DA:1339,2
DA:1346,70
DA:1347,33
DA:1353,51
DA:1377,105
DA:1384,200
DA:1388,141
DA:1390,59
DA:1395,23
DA:1398,82
DA:1406,13
DA:1407,13
DA:1414,26
DA:1421,0
DA:1425,0
DA:1427,26
DA:1433,26
DA:1435,13
DA:1459,313
DA:1485,22
DA:1486,20
DA:1488,2
DA:1519,76
DA:1520,76
DA:1522,81
DA:1523,81
DA:1524,81
DA:1525,9
DA:1532,81
DA:1533,81
LF:294
LH:266
BRDA:75,0,0,1204
BRDA:96,1,0,1204
BRDA:96,1,1,90
BRDA:125,2,0,473
BRDA:125,2,1,1285
BRDA:149,3,0,102
BRDA:149,3,1,37
BRDA:158,4,0,1758
BRDA:158,4,1,1668
BRDA:159,5,0,67
BRDA:159,5,1,39
BRDA:167,6,0,39
BRDA:167,6,1,0
BRDA:198,7,0,66
BRDA:212,8,0,66
BRDA:212,8,1,1295
BRDA:303,9,0,3
BRDA:303,9,1,2
BRDA:324,10,0,27
BRDA:324,10,1,21
BRDA:366,11,0,13
BRDA:366,11,1,14
BRDA:402,12,0,81
BRDA:404,13,0,10
BRDA:404,13,1,652
BRDA:407,14,0,458
BRDA:407,14,1,194
BRDA:412,15,0,616
BRDA:412,15,1,78
BRDA:425,16,0,75
BRDA:425,16,1,577
BRDA:428,17,0,74
BRDA:428,17,1,578
BRDA:451,18,0,16
BRDA:457,19,0,6
BRDA:457,19,1,15
BRDA:457,20,0,21
BRDA:457,20,1,21
BRDA:462,21,0,6
BRDA:462,21,1,9
BRDA:468,22,0,18
BRDA:468,22,1,3
BRDA:472,23,0,6
BRDA:472,23,1,9
BRDA:477,24,0,10
BRDA:477,24,1,5
BRDA:504,25,0,1
BRDA:504,26,0,164
BRDA:505,27,0,0
BRDA:505,27,1,307
BRDA:523,28,0,177
BRDA:523,28,1,130
BRDA:592,29,0,1840
BRDA:596,30,0,2126
BRDA:596,30,1,282
BRDA:597,31,0,2408
BRDA:597,31,1,287
BRDA:626,32,0,58
BRDA:626,32,1,2
BRDA:656,33,0,0
BRDA:656,33,1,1
BRDA:668,34,0,0
BRDA:668,34,1,3
BRDA:670,35,0,0
BRDA:670,35,1,0
BRDA:671,36,0,0
BRDA:671,36,1,0
BRDA:672,37,0,0
BRDA:672,37,1,0
BRDA:672,38,0,0
BRDA:672,38,1,0
BRDA:673,39,0,0
BRDA:673,39,1,0
BRDA:676,40,0,0
BRDA:676,40,1,0
BRDA:711,41,0,13
BRDA:711,41,1,235
BRDA:712,42,0,248
BRDA:712,42,1,247
BRDA:712,42,2,247
BRDA:719,43,0,28
BRDA:719,43,1,207
BRDA:726,44,0,697
BRDA:726,44,1,207
BRDA:737,45,0,108
BRDA:737,45,1,99
BRDA:737,46,0,108
BRDA:737,46,1,41
BRDA:740,47,0,58
BRDA:740,47,1,149
BRDA:743,48,0,0
BRDA:743,48,1,126
BRDA:751,49,0,100
BRDA:751,49,1,16
BRDA:751,50,0,116
BRDA:751,50,1,116
BRDA:752,51,0,18
BRDA:752,51,1,82
BRDA:753,52,0,14
BRDA:753,52,1,4
BRDA:753,53,0,18
BRDA:753,53,1,14
BRDA:754,54,0,13
BRDA:754,54,1,1
BRDA:757,55,0,2
BRDA:757,55,1,2
BRDA:874,56,0,35
BRDA:874,56,1,12
BRDA:875,57,0,0
BRDA:875,57,1,35
BRDA:881,58,0,34
BRDA:881,58,1,1
BRDA:882,59,0,2
BRDA:882,59,1,32
BRDA:883,60,0,0
BRDA:883,60,1,2
BRDA:898,61,0,1
BRDA:898,61,1,34
BRDA:905,62,0,1
BRDA:905,62,1,33
BRDA:948,63,0,72
BRDA:948,63,1,22
BRDA:1039,64,0,13
BRDA:1039,64,1,8
BRDA:1108,65,0,0
BRDA:1122,66,0,13
BRDA:1122,66,1,13
BRDA:1127,67,0,0
BRDA:1127,67,1,25
BRDA:1152,68,0,13
BRDA:1152,68,1,1
BRDA:1162,69,0,0
BRDA:1162,69,1,13
BRDA:1177,70,0,0
BRDA:1177,70,1,0
BRDA:1177,71,0,0
BRDA:1177,71,1,0
BRDA:1186,72,0,1
BRDA:1186,72,1,12
BRDA:1186,73,0,13
BRDA:1186,73,1,13
BRDA:1188,74,0,0
BRDA:1188,74,1,12
BRDA:1254,75,0,22
BRDA:1268,76,0,6
BRDA:1268,76,1,90
BRDA:1273,77,0,80
BRDA:1273,77,1,39
BRDA:1302,78,0,24
BRDA:1302,78,1,74
BRDA:1317,79,0,20
BRDA:1317,79,1,4
BRDA:1317,80,0,24
BRDA:1317,80,1,21
BRDA:1324,81,0,4
BRDA:1324,81,1,70
BRDA:1336,82,0,2
BRDA:1336,82,1,2
BRDA:1336,83,0,4
BRDA:1336,83,1,3
BRDA:1346,84,0,33
BRDA:1346,84,1,37
BRDA:1346,85,0,70
BRDA:1346,85,1,67
BRDA:1376,86,0,5
BRDA:1384,87,0,141
BRDA:1384,87,1,59
BRDA:1385,88,0,200
BRDA:1385,88,1,185
BRDA:1390,89,0,23
BRDA:1390,89,1,36
BRDA:1405,90,0,13
BRDA:1414,91,0,0
BRDA:1414,91,1,26
BRDA:1415,92,0,26
BRDA:1415,92,1,0
BRDA:1457,93,0,271
BRDA:1485,94,0,20
BRDA:1485,94,1,2
BRDA:1485,95,0,22
BRDA:1485,95,1,20
BRDA:1522,96,0,81
BRDA:1522,96,1,75
BRF:183
BRH:154
end_of_record
TN:
SF:/home/micah/Documents/git/github.com/balena-io/contrato/lib/hash.ts
FN:38,(anonymous_1)
FNF:1
FNH:1
FNDA:1581,(anonymous_1)
DA:23,49
DA:38,49
DA:39,1581
LF:3
LH:3
BRF:0
BRH:0
end_of_record
TN:
SF:/home/micah/Documents/git/github.com/balena-io/contrato/lib/matcher-cache.ts
FN:36,(anonymous_0)
FN:56,(anonymous_1)
FN:80,(anonymous_2)
FN:114,(anonymous_3)
FN:139,(anonymous_4)
FN:167,(anonymous_5)
FN:191,(anonymous_6)
FNF:7
FNH:7
FNDA:483,(anonymous_0)
FNDA:1342,(anonymous_1)
FNDA:246,(anonymous_2)
FNDA:237,(anonymous_3)
FNDA:11,(anonymous_4)
FNDA:672,(anonymous_5)
FNDA:6,(anonymous_6)
DA:19,42
DA:36,483
DA:44,42
DA:57,1342
DA:58,1342
DA:81,246
DA:86,246
DA:115,237
DA:116,237
DA:140,11
DA:168,672
DA:169,672
DA:192,6
DA:193,8
DA:194,2
DA:196,6
DA:200,6
LF:17
LH:17
BRDA:193,0,0,2
BRDA:193,0,1,6
BRF:2
BRH:2
end_of_record
TN:
SF:/home/micah/Documents/git/github.com/balena-io/contrato/lib/object-set.ts
FN:42,(anonymous_0)
FN:74,(anonymous_1)
FN:96,(anonymous_2)
FN:116,(anonymous_3)
FN:135,(anonymous_4)
FN:156,(anonymous_5)
FN:184,(anonymous_6)
FNF:7
FNH:7
FNDA:1947,(anonymous_0)
FNDA:383,(anonymous_1)
FNDA:6,(anonymous_2)
FNDA:2,(anonymous_3)
FNDA:397,(anonymous_4)
FNDA:194,(anonymous_5)
FNDA:7,(anonymous_6)
DA:18,48
DA:19,48
DA:24,48
DA:43,1947
DA:46,1947
DA:47,1947
DA:48,19
DA:49,2
DA:50,2
DA:51,2
DA:52,2
DA:56,17
DA:75,383
DA:76,383
DA:77,9
DA:79,374
DA:80,374
DA:97,6
DA:117,2
DA:136,397
DA:157,194
DA:185,7
DA:186,10
DA:187,7
DA:190,7
LF:25
LH:25
BRDA:42,0,0,1935
BRDA:48,1,0,2
BRDA:48,1,1,17
BRDA:51,2,0,2
BRDA:51,2,1,0
BRDA:51,3,0,2
BRDA:51,3,1,2
BRDA:74,4,0,33
BRDA:75,5,0,383
BRDA:75,5,1,33
BRDA:76,6,0,9
BRDA:76,6,1,374
BRDA:186,7,0,7
BRDA:186,7,1,3
BRF:14
BRH:13
end_of_record
TN:
SF:/home/micah/Documents/git/github.com/balena-io/contrato/lib/partials.ts
FN:80,(anonymous_1)
FN:86,(anonymous_2)
FN:89,(anonymous_3)
FN:96,(anonymous_4)
FN:104,(anonymous_5)
FN:107,(anonymous_6)
FN:114,(anonymous_7)
FN:121,(anonymous_8)
FN:122,(anonymous_9)
FN:133,(anonymous_10)
FN:135,(anonymous_11)
FN:142,(anonymous_12)
FN:198,(anonymous_13)
FN:199,(anonymous_14)
FN:200,(anonymous_15)
FN:201,(anonymous_16)
FN:202,(anonymous_17)
FN:203,(anonymous_18)
FN:204,(anonymous_19)
FN:205,(anonymous_20)
FN:232,(anonymous_21)
FNF:21
FNH:11
FNDA:13,(anonymous_1)
FNDA:19,(anonymous_2)
FNDA:25,(anonymous_3)
FNDA:25,(anonymous_4)
FNDA:13,(anonymous_5)
FNDA:58,(anonymous_6)
FNDA:6,(anonymous_7)
FNDA:19,(anonymous_8)
FNDA:38,(anonymous_9)
FNDA:120,(anonymous_10)
FNDA:133,(anonymous_11)
FNDA:0,(anonymous_12)
FNDA:0,(anonymous_13)
FNDA:0,(anonymous_14)
FNDA:0,(anonymous_15)
FNDA:0,(anonymous_16)
FNDA:0,(anonymous_17)
FNDA:0,(anonymous_18)
FNDA:0,(anonymous_19)
FNDA:0,(anonymous_20)
FNDA:0,(anonymous_21)
DA:19,1
DA:20,1
DA:21,1
DA:22,1
DA:23,1
DA:40,1
DA:41,1
DA:44,1
DA:51,1
DA:80,1
DA:85,13
DA:87,19
DA:88,19
DA:92,25
DA:93,25
DA:94,25
DA:96,25
DA:99,19
DA:105,13
DA:108,58
DA:112,13
DA:115,6
DA:119,13
DA:122,19
DA:123,38
DA:129,13
DA:133,120
DA:136,133
DA:137,133
DA:142,1
DA:143,0
DA:145,0
DA:150,0
DA:151,0
DA:155,0
DA:156,0
DA:157,0
DA:158,0
DA:161,0
DA:162,0
DA:163,0
DA:166,0
DA:171,0
DA:174,0
DA:177,0
DA:180,0
DA:197,1
DA:198,0
DA:199,0
DA:200,0
DA:201,0
DA:202,0
DA:203,0
DA:204,0
DA:205,0
DA:232,1
DA:237,0
DA:247,0
LF:58
LH:32
BRDA:155,0,0,0
BRDA:155,0,1,0
BRDA:156,1,0,0
BRDA:156,1,1,0
BRDA:162,2,0,0
BRDA:162,2,1,0
BRF:6
BRH:0
end_of_record
TN:
SF:/home/micah/Documents/git/github.com/balena-io/contrato/lib/template.ts
FN:59,(anonymous_0)
FN:66,(anonymous_1)
FN:108,(anonymous_2)
FN:116,(anonymous_3)
FN:130,(anonymous_4)
FN:134,(anonymous_5)
FNF:6
FNH:6
FNDA:2364,(anonymous_0)
FNDA:6217,(anonymous_1)
FNDA:1700,(anonymous_2)
FNDA:5639,(anonymous_3)
FNDA:72,(anonymous_4)
FNDA:328,(anonymous_5)
DA:18,42
DA:59,42
DA:64,2364
DA:67,6217
DA:68,6217
DA:78,42
DA:108,42
DA:114,1700
DA:117,5639
DA:118,5061
DA:119,5033
DA:120,5038
DA:121,644
DA:125,4417
DA:128,4417
DA:130,72
DA:133,578
DA:134,227
DA:135,328
DA:143,351
LF:20
LH:20
BRDA:62,0,0,1372
BRDA:65,1,0,86
BRDA:65,1,1,2278
BRDA:69,2,0,664
BRDA:69,2,1,5553
BRDA:110,3,0,6
BRDA:117,4,0,5061
BRDA:117,4,1,578
BRDA:118,5,0,5033
BRDA:118,5,1,28
BRDA:120,6,0,644
BRDA:120,6,1,4394
BRDA:126,7,0,4417
BRDA:126,7,1,4065
BRDA:130,8,0,72
BRDA:130,8,1,19
BRDA:133,9,0,227
BRDA:133,9,1,351
BRF:18
BRH:18
end_of_record
TN:
SF:/home/micah/Documents/git/github.com/balena-io/contrato/lib/utils.ts
FN:43,(anonymous_0)
FN:70,(anonymous_1)
FN:95,(anonymous_2)
FN:115,(anonymous_3)
FN:158,(anonymous_4)
FN:165,(anonymous_5)
FN:168,(anonymous_6)
FN:171,(anonymous_7)
FN:204,(anonymous_8)
FNF:9
FNH:9
FNDA:192,(anonymous_0)
FNDA:7,(anonymous_1)
FNDA:563,(anonymous_2)
FNDA:2,(anonymous_3)
FNDA:33,(anonymous_4)
FNDA:52,(anonymous_5)
FNDA:74,(anonymous_6)
FNDA:188,(anonymous_7)
FNDA:6,(anonymous_8)
DA:19,47
DA:43,47
DA:44,192
DA:45,179
DA:46,46
DA:50,146
DA:70,47
DA:71,7
DA:73,7
DA:74,10
DA:77,7
DA:95,563
DA:115,47
DA:116,2
DA:118,2
DA:119,3
DA:122,2
DA:158,47
DA:163,33
DA:166,52
DA:169,74
DA:172,188
DA:173,188
DA:174,167
DA:177,188
DA:189,33
DA:204,47
DA:205,6
LF:28
LH:28
BRDA:45,0,0,46
BRDA:45,0,1,133
BRDA:167,1,0,5
BRDA:167,1,1,47
BRDA:173,2,0,167
BRDA:173,2,1,21
BRDA:189,3,0,2
BRDA:189,3,1,31
BRDA:189,4,0,33
BRDA:189,4,1,33
BRF:10
BRH:10
end_of_record
TN:
SF:/home/micah/Documents/git/github.com/balena-io/contrato/lib/variants.ts
FN:71,(anonymous_0)
FN:79,(anonymous_1)
FN:82,(anonymous_2)
FN:83,(anonymous_3)
FNF:4
FNH:4
FNDA:98,(anonymous_0)
FNDA:17,(anonymous_1)
FNDA:18,(anonymous_2)
FNDA:130,(anonymous_3)
DA:29,42
DA:37,42
DA:71,42
DA:72,98
DA:73,98
DA:75,98
DA:80,17
DA:83,18
DA:84,130
LF:9
LH:9
BRDA:72,0,0,98
BRDA:72,0,1,89
BRDA:76,1,0,90
BRDA:76,1,1,8
BRDA:84,2,0,2
BRDA:84,2,1,128
BRF:6
BRH:6
end_of_record
TN:
SF:/home/micah/Documents/git/github.com/balena-io/contrato/lib/types/types.ts
FNF:0
FNH:0
DA:23,41
DA:24,41
DA:25,41
DA:26,41
LF:4
LH:4
BRF:0
BRH:0
end_of_record
TN:
SF:/home/micah/Documents/git/github.com/balena-io/contrato/test/blueprint/constructor.spec.ts
FN:27,(anonymous_7)
FN:36,(anonymous_8)
FN:45,(anonymous_9)
FN:54,(anonymous_10)
FN:82,(anonymous_11)
FN:120,(anonymous_12)
FN:165,(anonymous_13)
FNF:7
FNH:7
FNDA:1,(anonymous_7)
FNDA:1,(anonymous_8)
FNDA:1,(anonymous_9)
FNDA:1,(anonymous_10)
FNDA:1,(anonymous_11)
FNDA:1,(anonymous_12)
FNDA:1,(anonymous_13)
DA:19,1
DA:20,1
DA:22,1
DA:24,1
DA:25,1
DA:27,1
DA:29,1
DA:33,1
DA:36,1
DA:38,1
DA:42,1
DA:45,1
DA:47,1
DA:51,1
DA:54,1
DA:56,1
DA:60,1
DA:82,1
DA:84,1
DA:89,1
DA:120,1
DA:121,1
DA:124,1
DA:134,1
DA:165,1
DA:166,1
DA:173,1
LF:27
LH:27
BRF:0
BRH:0
end_of_record
TN:
SF:/home/micah/Documents/git/github.com/balena-io/contrato/test/blueprint/reproduce/reproduce.spec.ts
FN:39,(anonymous_7)
FN:42,(anonymous_8)
FN:56,(anonymous_9)
FNF:3
FNH:3
FNDA:12,(anonymous_7)
FNDA:12,(anonymous_8)
FNDA:1,(anonymous_9)
DA:19,1
DA:20,1
DA:22,1
DA:23,1
DA:24,1
DA:26,1
DA:40,12
DA:42,12
DA:43,12
DA:44,12
DA:48,12
DA:50,12
DA:51,12
DA:52,12
DA:56,1
DA:57,1
DA:67,1
DA:73,1
DA:79,1
DA:83,1
DA:84,1
DA:86,1
DA:87,2
LF:23
LH:23
BRF:0
BRH:0
end_of_record
TN:
SF:/home/micah/Documents/git/github.com/balena-io/contrato/test/blueprint/sequence/sequence.spec.ts
FN:28,(anonymous_7)
FN:31,(anonymous_8)
FNF:2
FNH:2
FNDA:1,(anonymous_7)
FNDA:1,(anonymous_8)
DA:19,1
DA:21,1
DA:23,1
DA:24,1
DA:26,1
DA:29,1
DA:31,1
DA:32,1
DA:33,1
DA:37,1
DA:39,1
DA:40,1
DA:44,1
DA:46,1
DA:47,1
DA:48,1
DA:50,1
DA:51,1
DA:52,1
LF:19
LH:19
BRF:0
BRH:0
end_of_record
TN:
SF:/home/micah/Documents/git/github.com/balena-io/contrato/test/cardinality/parse.spec.ts
FN:314,(anonymous_7)
FN:315,(anonymous_8)
FN:370,(anonymous_9)
FN:371,(anonymous_10)
FN:372,(anonymous_11)
FNF:5
FNH:5
FNDA:33,(anonymous_7)
FNDA:33,(anonymous_8)
FNDA:10,(anonymous_9)
FNDA:10,(anonymous_10)
FNDA:10,(anonymous_11)
DA:19,1
DA:20,1
DA:21,1
DA:23,1
DA:315,33
DA:316,33
DA:320,1
DA:371,10
DA:372,10
DA:373,10
LF:10
LH:10
BRF:0
BRH:0
end_of_record
TN:
SF:/home/micah/Documents/git/github.com/balena-io/contrato/test/children-tree/build.spec.ts
FN:26,(anonymous_1)
FN:57,(anonymous_2)
FN:97,(anonymous_3)
FN:136,(anonymous_4)
FN:176,(anonymous_5)
FNF:5
FNH:5
FNDA:1,(anonymous_1)
FNDA:1,(anonymous_2)
FNDA:1,(anonymous_3)
FNDA:1,(anonymous_4)
FNDA:1,(anonymous_5)
DA:19,1
DA:21,1
DA:22,1
DA:24,1
DA:26,1
DA:27,1
DA:32,1
DA:33,1
DA:35,1
DA:50,1
DA:57,1
DA:58,1
DA:59,1
DA:61,1
DA:66,1
DA:67,1
DA:69,1
DA:89,1
DA:97,1
DA:98,1
DA:99,1
DA:101,1
DA:106,1
DA:107,1
DA:109,1
DA:126,1
DA:136,1
DA:137,1
DA:138,1
DA:140,1
DA:145,1
DA:146,1
DA:148,1
DA:164,1
DA:176,1
DA:177,1
DA:189,1
DA:201,1
DA:206,1
DA:207,1
DA:209,1
DA:231,1
LF:42
LH:42
BRF:0
BRH:0
end_of_record
TN:
SF:/home/micah/Documents/git/github.com/balena-io/contrato/test/contract/add-child.spec.ts
FN:25,(anonymous_1)
FN:62,(anonymous_2)
FN:108,(anonymous_3)
FN:145,(anonymous_4)
FN:190,(anonymous_5)
FN:236,(anonymous_6)
FN:294,(anonymous_7)
FN:304,(anonymous_8)
FN:316,(anonymous_9)
FNF:9
FNH:9
FNDA:1,(anonymous_1)
FNDA:1,(anonymous_2)
FNDA:1,(anonymous_3)
FNDA:1,(anonymous_4)
FNDA:1,(anonymous_5)
FNDA:1,(anonymous_6)
FNDA:1,(anonymous_7)
FNDA:1,(anonymous_8)
FNDA:1,(anonymous_9)
DA:19,1
DA:21,1
DA:22,1
DA:23,1
DA:25,1
DA:26,1
DA:31,1
DA:32,1
DA:34,1
DA:62,1
DA:63,1
DA:64,1
DA:66,1
DA:71,1
DA:72,1
DA:74,1
DA:96,1
DA:108,1
DA:109,1
DA:110,1
DA:115,1
DA:117,1
DA:134,1
DA:145,1
DA:146,1
DA:147,1
DA:149,1
DA:154,1
DA:155,1
DA:157,1
DA:176,1
DA:190,1
DA:191,1
DA:192,1
DA:194,1
DA:199,1
DA:200,1
DA:202,1
DA:220,1
DA:236,1
DA:237,1
DA:238,1
DA:239,1
DA:241,1
DA:246,1
DA:247,1
DA:248,1
DA:250,1
DA:277,1
DA:294,1
DA:295,1
DA:296,1
DA:301,1
DA:304,1
DA:305,1
DA:306,1
DA:311,1
DA:312,1
DA:313,1
DA:316,1
DA:317,1
DA:318,1
DA:323,1
DA:324,1
DA:328,1
LF:65
LH:65
BRF:0
BRH:0
end_of_record
TN:
SF:/home/micah/Documents/git/github.com/balena-io/contrato/test/contract/add-children.spec.ts
FN:25,(anonymous_1)
FN:62,(anonymous_2)
FN:99,(anonymous_3)
FN:141,(anonymous_4)
FN:152,(anonymous_5)
FN:161,(anonymous_6)
FN:175,(anonymous_7)
FN:192,(anonymous_8)
FN:245,(anonymous_9)
FNF:9
FNH:9
FNDA:1,(anonymous_1)
FNDA:1,(anonymous_2)
FNDA:1,(anonymous_3)
FNDA:1,(anonymous_4)
FNDA:1,(anonymous_5)
FNDA:1,(anonymous_6)
FNDA:1,(anonymous_7)
FNDA:1,(anonymous_8)
FNDA:1,(anonymous_9)
DA:19,1
DA:21,1
DA:22,1
DA:23,1
DA:25,1
DA:26,1
DA:27,1
DA:32,1
DA:34,1
DA:51,1
DA:62,1
DA:63,1
DA:64,1
DA:69,1
DA:71,1
DA:88,1
DA:99,1
DA:100,1
DA:101,1
DA:103,1
DA:108,1
DA:110,1
DA:128,1
DA:141,1
DA:142,1
DA:143,1
DA:144,1
DA:149,1
DA:152,1
DA:153,1
DA:158,1
DA:161,1
DA:162,1
DA:163,1
DA:165,1
DA:170,1
DA:171,1
DA:172,1
DA:175,1
DA:176,1
DA:177,1
DA:179,1
DA:184,1
DA:185,1
DA:189,1
DA:192,1
DA:193,1
DA:194,1
DA:195,1
DA:197,1
DA:202,1
DA:204,1
DA:231,1
DA:245,1
DA:246,1
DA:247,1
DA:248,1
DA:249,1
DA:251,1
DA:256,1
DA:258,1
DA:290,1
LF:62
LH:62
BRF:0
BRH:0
end_of_record
TN:
SF:/home/micah/Documents/git/github.com/balena-io/contrato/test/contract/are-children-satisfied.spec.ts
FN:23,(anonymous_1)
FN:70,(anonymous_2)
FN:117,(anonymous_3)
FN:141,(anonymous_4)
FN:166,(anonymous_5)
FN:215,(anonymous_6)
FN:264,(anonymous_7)
FN:313,(anonymous_8)
FN:362,(anonymous_9)
FN:411,(anonymous_10)
FN:460,(anonymous_11)
FN:515,(anonymous_12)
FNF:12
FNH:12
FNDA:1,(anonymous_1)
FNDA:1,(anonymous_2)
FNDA:1,(anonymous_3)
FNDA:1,(anonymous_4)
FNDA:1,(anonymous_5)
FNDA:1,(anonymous_6)
FNDA:1,(anonymous_7)
FNDA:1,(anonymous_8)
FNDA:1,(anonymous_9)
FNDA:1,(anonymous_10)
FNDA:1,(anonymous_11)
FNDA:1,(anonymous_12)
DA:19,1
DA:21,1
DA:23,1
DA:24,1
DA:29,1
DA:67,1
DA:70,1
DA:71,1
DA:76,1
DA:114,1
DA:117,1
DA:118,1
DA:123,1
DA:137,1
DA:140,1
DA:142,1
DA:147,1
DA:161,1
DA:166,1
DA:167,1
DA:172,1
DA:210,1
DA:215,1
DA:216,1
DA:221,1
DA:259,1
DA:264,1
DA:265,1
DA:270,1
DA:308,1
DA:313,1
DA:314,1
DA:319,1
DA:357,1
DA:362,1
DA:363,1
DA:368,1
DA:406,1
DA:411,1
DA:412,1
DA:417,1
DA:455,1
DA:460,1
DA:461,1
DA:466,1
DA:471,1
DA:476,1
DA:481,1
DA:493,1
DA:505,1
DA:511,1
DA:512,1
DA:515,1
DA:516,1
DA:521,1
DA:526,1
DA:531,1
DA:536,1
DA:548,1
DA:560,1
DA:566,1
DA:567,1
LF:62
LH:62
BRF:0
BRH:0
end_of_record
TN:
SF:/home/micah/Documents/git/github.com/balena-io/contrato/test/contract/build.spec.ts
FN:23,(anonymous_1)
FN:49,(anonymous_2)
FN:75,(anonymous_3)
FN:111,(anonymous_4)
FN:151,(anonymous_5)
FN:180,(anonymous_6)
FNF:6
FNH:6
FNDA:1,(anonymous_1)
FNDA:1,(anonymous_2)
FNDA:1,(anonymous_3)
FNDA:1,(anonymous_4)
FNDA:1,(anonymous_5)
FNDA:1,(anonymous_6)
DA:19,1
DA:21,1
DA:23,1
DA:24,1
DA:35,1
DA:49,1
DA:50,1
DA:61,1
DA:75,1
DA:76,1
DA:92,1
DA:111,1
DA:112,1
DA:129,1
DA:151,1
DA:152,1
DA:159,1
DA:180,1
DA:181,1
DA:196,1
LF:20
LH:20
BRF:0
BRH:0
end_of_record
TN:
SF:/home/micah/Documents/git/github.com/balena-io/contrato/test/contract/caching.spec.ts
FN:25,(anonymous_1)
FN:38,(anonymous_2)
FN:62,(anonymous_3)
FN:93,(anonymous_4)
FN:117,(anonymous_5)
FN:139,(anonymous_6)
FN:173,(anonymous_7)
FN:207,(anonymous_8)
FNF:8
FNH:8
FNDA:1,(anonymous_1)
FNDA:1,(anonymous_2)
FNDA:1,(anonymous_3)
FNDA:1,(anonymous_4)
FNDA:1,(anonymous_5)
FNDA:1,(anonymous_6)
FNDA:1,(anonymous_7)
FNDA:1,(anonymous_8)
DA:19,1
DA:21,1
DA:22,1
DA:23,1
DA:25,1
DA:26,1
DA:27,1
DA:29,1
DA:34,1
DA:35,1
DA:38,1
DA:39,1
DA:40,1
DA:42,1
DA:47,1
DA:49,1
DA:54,1
DA:56,1
DA:57,1
DA:59,1
DA:62,1
DA:63,1
DA:64,1
DA:66,1
DA:71,1
DA:73,1
DA:78,1
DA:83,1
DA:84,1
DA:86,1
DA:87,1
DA:88,1
DA:90,1
DA:93,1
DA:94,1
DA:95,1
DA:97,1
DA:102,1
DA:104,1
DA:109,1
DA:111,1
DA:112,1
DA:114,1
DA:117,1
DA:118,1
DA:119,1
DA:121,1
DA:126,1
DA:128,1
DA:133,1
DA:134,1
DA:135,1
DA:136,1
DA:139,1
DA:140,1
DA:141,1
DA:142,1
DA:143,1
DA:144,1
DA:146,1
DA:151,1
DA:153,1
DA:158,1
DA:163,1
DA:164,1
DA:165,1
DA:167,1
DA:168,1
DA:170,1
DA:173,1
DA:174,1
DA:175,1
DA:176,1
DA:177,1
DA:178,1
DA:180,1
DA:185,1
DA:187,1
DA:192,1
DA:197,1
DA:198,1
DA:199,1
DA:201,1
DA:202,1
DA:204,1
DA:207,1
DA:208,1
DA:209,1
DA:210,1
DA:212,1
DA:217,1
DA:219,1
DA:224,1
DA:225,1
DA:227,1
DA:228,1
DA:230,1
LF:97
LH:97
BRF:0
BRH:0
end_of_record
TN:
SF:/home/micah/Documents/git/github.com/balena-io/contrato/test/contract/create-matcher.spec.ts
FN:23,(anonymous_1)
FN:32,(anonymous_2)
FN:44,(anonymous_3)
FN:53,(anonymous_4)
FNF:4
FNH:4
FNDA:1,(anonymous_1)
FNDA:1,(anonymous_2)
FNDA:1,(anonymous_3)
FNDA:1,(anonymous_4)
DA:19,1
DA:21,1
DA:23,1
DA:24,1
DA:29,1
DA:32,1
DA:33,1
DA:38,1
DA:44,1
DA:45,1
DA:50,1
DA:53,1
DA:54,1
DA:61,1
LF:14
LH:14
BRF:0
BRH:0
end_of_record
TN:
SF:/home/micah/Documents/git/github.com/balena-io/contrato/test/contract/find-children.spec.ts
FN:24,(anonymous_1)
FN:36,(anonymous_2)
FN:54,(anonymous_3)
FN:74,(anonymous_4)
FN:94,(anonymous_5)
FN:115,(anonymous_6)
FN:132,(anonymous_7)
FN:150,(anonymous_8)
FN:178,(anonymous_9)
FN:200,(anonymous_10)
FN:222,(anonymous_11)
FN:242,(anonymous_12)
FN:262,(anonymous_13)
FNF:13
FNH:13
FNDA:1,(anonymous_1)
FNDA:1,(anonymous_2)
FNDA:1,(anonymous_3)
FNDA:1,(anonymous_4)
FNDA:1,(anonymous_5)
FNDA:1,(anonymous_6)
FNDA:1,(anonymous_7)
FNDA:1,(anonymous_8)
FNDA:1,(anonymous_9)
FNDA:1,(anonymous_10)
FNDA:1,(anonymous_11)
FNDA:1,(anonymous_12)
FNDA:1,(anonymous_13)
DA:19,1
DA:21,1
DA:22,1
DA:24,1
DA:25,1
DA:26,1
DA:31,1
DA:33,1
DA:36,1
DA:37,1
DA:38,1
DA:39,1
DA:44,1
DA:46,1
DA:54,1
DA:55,1
DA:56,1
DA:57,1
DA:58,1
DA:59,1
DA:64,1
DA:66,1
DA:74,1
DA:75,1
DA:76,1
DA:77,1
DA:78,1
DA:79,1
DA:84,1
DA:86,1
DA:94,1
DA:95,1
DA:96,1
DA:97,1
DA:98,1
DA:99,1
DA:104,1
DA:106,1
DA:115,1
DA:116,1
DA:117,1
DA:118,1
DA:119,1
DA:120,1
DA:125,1
DA:127,1
DA:132,1
DA:133,1
DA:134,1
DA:135,1
DA:136,1
DA:137,1
DA:142,1
DA:144,1
DA:150,1
DA:151,1
DA:158,1
DA:165,1
DA:170,1
DA:172,1
DA:178,1
DA:179,1
DA:180,1
DA:181,1
DA:183,1
DA:185,1
DA:190,1
DA:192,1
DA:200,1
DA:201,1
DA:202,1
DA:203,1
DA:205,1
DA:207,1
DA:212,1
DA:214,1
DA:222,1
DA:223,1
DA:224,1
DA:225,1
DA:227,1
DA:229,1
DA:234,1
DA:236,1
DA:242,1
DA:243,1
DA:244,1
DA:245,1
DA:247,1
DA:249,1
DA:254,1
DA:256,1
DA:262,1
DA:263,1
DA:264,1
DA:265,1
DA:266,1
DA:267,1
DA:269,1
DA:274,1
DA:276,1
LF:101
LH:101
BRF:0
BRH:0
end_of_record
TN:
SF:/home/micah/Documents/git/github.com/balena-io/contrato/test/contract/get-all-slugs.spec.ts
FN:23,(anonymous_1)
FN:33,(anonymous_2)
FN:48,(anonymous_3)
FNF:3
FNH:3
FNDA:1,(anonymous_1)
FNDA:1,(anonymous_2)
FNDA:1,(anonymous_3)
DA:19,1
DA:21,1
DA:23,1
DA:24,1
DA:30,1
DA:33,1
DA:34,1
DA:41,1
DA:48,1
DA:49,1
DA:56,1
LF:11
LH:11
BRF:0
BRH:0
end_of_record
TN:
SF:/home/micah/Documents/git/github.com/balena-io/contrato/test/contract/get-canonical-slug.spec.ts
FN:23,(anonymous_1)
FN:34,(anonymous_2)
FNF:2
FNH:2
FNDA:1,(anonymous_1)
FNDA:1,(anonymous_2)
DA:19,1
DA:21,1
DA:23,1
DA:24,1
DA:31,1
DA:34,1
DA:35,1
DA:41,1
LF:8
LH:8
BRF:0
BRH:0
end_of_record
TN:
SF:/home/micah/Documents/git/github.com/balena-io/contrato/test/contract/get-child-by-hash.spec.ts
FN:24,(anonymous_1)
FN:40,(anonymous_2)
FNF:2
FNH:2
FNDA:1,(anonymous_1)
FNDA:1,(anonymous_2)
DA:19,1
DA:21,1
DA:22,1
DA:24,1
DA:25,1
DA:26,1
DA:27,1
DA:28,1
DA:30,1
DA:35,1
DA:37,1
DA:40,1
DA:41,1
DA:42,1
DA:43,1
DA:44,1
DA:46,1
DA:51,1
DA:53,1
LF:19
LH:19
BRF:0
BRH:0
end_of_record
TN:
SF:/home/micah/Documents/git/github.com/balena-io/contrato/test/contract/get-children-by-type.spec.ts
FN:24,(anonymous_1)
FN:44,(anonymous_2)
FN:76,(anonymous_3)
FN:92,(anonymous_4)
FNF:4
FNH:4
FNDA:1,(anonymous_1)
FNDA:1,(anonymous_2)
FNDA:1,(anonymous_3)
FNDA:1,(anonymous_4)
DA:19,1
DA:21,1
DA:22,1
DA:24,1
DA:25,1
DA:26,1
DA:27,1
DA:28,1
DA:30,1
DA:35,1
DA:37,1
DA:44,1
DA:45,1
DA:46,1
DA:47,1
DA:48,1
DA:50,1
DA:55,1
DA:57,1
DA:63,1
DA:69,1
DA:76,1
DA:77,1
DA:78,1
DA:79,1
DA:80,1
DA:82,1
DA:87,1
DA:89,1
DA:92,1
DA:93,1
DA:94,1
DA:101,1
DA:106,1
DA:108,1
LF:35
LH:35
BRF:0
BRH:0
end_of_record
TN:
SF:/home/micah/Documents/git/github.com/balena-io/contrato/test/contract/get-children-combinations.spec.ts
FN:24,(anonymous_1)
FN:35,(anonymous_2)
FN:46,(anonymous_3)
FN:68,(anonymous_4)
FN:94,(anonymous_5)
FN:124,(anonymous_6)
FN:148,(anonymous_7)
FN:181,(anonymous_8)
FN:192,(anonymous_9)
FN:203,(anonymous_10)
FN:225,(anonymous_11)
FN:255,(anonymous_12)
FN:285,(anonymous_13)
FN:331,(anonymous_14)
FNF:14
FNH:14
FNDA:1,(anonymous_1)
FNDA:1,(anonymous_2)
FNDA:1,(anonymous_3)
FNDA:1,(anonymous_4)
FNDA:1,(anonymous_5)
FNDA:1,(anonymous_6)
FNDA:1,(anonymous_7)
FNDA:1,(anonymous_8)
FNDA:1,(anonymous_9)
FNDA:1,(anonymous_10)
FNDA:1,(anonymous_11)
FNDA:1,(anonymous_12)
FNDA:1,(anonymous_13)
FNDA:1,(anonymous_14)
DA:19,1
DA:21,1
DA:22,1
DA:24,1
DA:25,1
DA:30,1
DA:35,1
DA:36,1
DA:46,1
DA:47,1
DA:52,1
DA:57,1
DA:68,1
DA:69,1
DA:74,1
DA:80,1
DA:94,1
DA:95,1
DA:100,1
DA:107,1
DA:124,1
DA:125,1
DA:130,1
DA:136,1
DA:148,1
DA:149,1
DA:154,1
DA:161,1
DA:181,1
DA:182,1
DA:187,1
DA:192,1
DA:193,1
DA:203,1
DA:204,1
DA:209,1
DA:214,1
DA:225,1
DA:226,1
DA:231,1
DA:237,1
DA:255,1
DA:256,1
DA:261,1
DA:267,1
DA:285,1
DA:286,1
DA:291,1
DA:297,1
DA:331,1
DA:332,1
DA:339,1
DA:346,1
DA:351,1
DA:353,1
LF:55
LH:55
BRF:0
BRH:0
end_of_record
TN:
SF:/home/micah/Documents/git/github.com/balena-io/contrato/test/contract/get-children-cross-referenced-contracts.spec.ts
FN:23,(anonymous_1)
FN:101,(anonymous_2)
FN:158,(anonymous_3)
FN:299,(anonymous_4)
FN:363,(anonymous_5)
FNF:5
FNH:5
FNDA:1,(anonymous_1)
FNDA:1,(anonymous_2)
FNDA:1,(anonymous_3)
FNDA:1,(anonymous_4)
FNDA:1,(anonymous_5)
DA:19,1
DA:21,1
DA:23,1
DA:24,1
DA:29,1
DA:87,1
DA:92,1
DA:101,1
DA:102,1
DA:107,1
DA:150,1
DA:155,1
DA:158,1
DA:159,1
DA:164,1
DA:280,1
DA:285,1
DA:299,1
DA:300,1
DA:305,1
DA:355,1
DA:360,1
DA:363,1
DA:364,1
DA:369,1
DA:411,1
DA:416,1
LF:27
LH:27
BRF:0
BRH:0
end_of_record
TN:
SF:/home/micah/Documents/git/github.com/balena-io/contrato/test/contract/get-children-types.spec.ts
FN:24,(anonymous_1)
FN:33,(anonymous_2)
FN:45,(anonymous_3)
FN:57,(anonymous_4)
FN:69,(anonymous_5)
FN:82,(anonymous_6)
FN:96,(anonymous_7)
FNF:7
FNH:7
FNDA:1,(anonymous_1)
FNDA:1,(anonymous_2)
FNDA:1,(anonymous_3)
FNDA:1,(anonymous_4)
FNDA:1,(anonymous_5)
FNDA:1,(anonymous_6)
FNDA:1,(anonymous_7)
DA:19,1
DA:21,1
DA:22,1
DA:24,1
DA:25,1
DA:30,1
DA:33,1
DA:34,1
DA:35,1
DA:40,1
DA:42,1
DA:45,1
DA:46,1
DA:47,1
DA:48,1
DA:53,1
DA:54,1
DA:57,1
DA:58,1
DA:59,1
DA:60,1
DA:65,1
DA:66,1
DA:69,1
DA:70,1
DA:71,1
DA:72,1
DA:77,1
DA:78,1
DA:79,1
DA:82,1
DA:83,1
DA:84,1
DA:85,1
DA:86,1
DA:91,1
DA:93,1
DA:96,1
DA:97,1
DA:98,1
DA:99,1
DA:100,1
DA:101,1
DA:103,1
DA:108,1
DA:110,1
LF:46
LH:46
BRF:0
BRH:0
end_of_record
TN:
SF:/home/micah/Documents/git/github.com/balena-io/contrato/test/contract/get-children.spec.ts
FN:24,(anonymous_1)
FN:33,(anonymous_2)
FN:47,(anonymous_3)
FN:63,(anonymous_4)
FN:79,(anonymous_5)
FN:96,(anonymous_6)
FN:115,(anonymous_7)
FN:132,(anonymous_8)
FN:147,(anonymous_9)
FN:169,(anonymous_10)
FN:187,(anonymous_11)
FN:208,(anonymous_12)
FNF:12
FNH:12
FNDA:1,(anonymous_1)
FNDA:1,(anonymous_2)
FNDA:1,(anonymous_3)
FNDA:1,(anonymous_4)
FNDA:1,(anonymous_5)
FNDA:1,(anonymous_6)
FNDA:1,(anonymous_7)
FNDA:1,(anonymous_8)
FNDA:1,(anonymous_9)
FNDA:1,(anonymous_10)
FNDA:1,(anonymous_11)
FNDA:1,(anonymous_12)
DA:19,1
DA:21,1
DA:22,1
DA:24,1
DA:25,1
DA:30,1
DA:33,1
DA:34,1
DA:35,1
DA:40,1
DA:42,1
DA:47,1
DA:48,1
DA:49,1
DA:50,1
DA:55,1
DA:57,1
DA:63,1
DA:64,1
DA:65,1
DA:66,1
DA:71,1
DA:73,1
DA:79,1
DA:80,1
DA:81,1
DA:82,1
DA:87,1
DA:89,1
DA:96,1
DA:97,1
DA:98,1
DA:99,1
DA:100,1
DA:105,1
DA:107,1
DA:115,1
DA:116,1
DA:117,1
DA:118,1
DA:123,1
DA:125,1
DA:132,1
DA:133,1
DA:134,1
DA:135,1
DA:140,1
DA:142,1
DA:147,1
DA:148,1
DA:149,1
DA:156,1
DA:161,1
DA:163,1
DA:169,1
DA:170,1
DA:171,1
DA:172,1
DA:174,1
DA:179,1
DA:181,1
DA:187,1
DA:188,1
DA:189,1
DA:190,1
DA:191,1
DA:192,1
DA:194,1
DA:199,1
DA:201,1
DA:208,1
DA:209,1
DA:210,1
DA:211,1
DA:213,1
DA:218,1
DA:220,1
LF:77
LH:77
BRF:0
BRH:0
end_of_record
TN:
SF:/home/micah/Documents/git/github.com/balena-io/contrato/test/contract/get-reference-string.spec.ts
FN:23,(anonymous_1)
FN:33,(anonymous_2)
FNF:2
FNH:2
FNDA:1,(anonymous_1)
FNDA:1,(anonymous_2)
DA:19,1
DA:21,1
DA:23,1
DA:24,1
DA:30,1
DA:33,1
DA:34,1
DA:41,1
LF:8
LH:8
BRF:0
BRH:0
end_of_record
TN:
SF:/home/micah/Documents/git/github.com/balena-io/contrato/test/contract/get-slug.spec.ts
FN:23,(anonymous_1)
FNF:1
FNH:1
FNDA:1,(anonymous_1)
DA:19,1
DA:21,1
DA:23,1
DA:24,1
DA:30,1
LF:5
LH:5
BRF:0
BRH:0
end_of_record
TN:
SF:/home/micah/Documents/git/github.com/balena-io/contrato/test/contract/get-type.spec.ts
FN:23,(anonymous_1)
FNF:1
FNH:1
FNDA:1,(anonymous_1)
DA:19,1
DA:21,1
DA:23,1
DA:24,1
DA:30,1
LF:5
LH:5
BRF:0
BRH:0
end_of_record
TN:
SF:/home/micah/Documents/git/github.com/balena-io/contrato/test/contract/get-version.spec.ts
FN:23,(anonymous_1)
FN:34,(anonymous_2)
FNF:2
FNH:2
FNDA:1,(anonymous_1)
FNDA:1,(anonymous_2)
DA:19,1
DA:21,1
DA:23,1
DA:24,1
DA:31,1
DA:34,1
DA:35,1
DA:41,1
LF:8
LH:8
BRF:0
BRH:0
end_of_record
TN:
SF:/home/micah/Documents/git/github.com/balena-io/contrato/test/contract/has-aliases.spec.ts
FN:23,(anonymous_1)
FN:33,(anonymous_2)
FN:44,(anonymous_3)
FNF:3
FNH:3
FNDA:1,(anonymous_1)
FNDA:1,(anonymous_2)
FNDA:1,(anonymous_3)
DA:19,1
DA:21,1
DA:23,1
DA:24,1
DA:30,1
DA:33,1
DA:34,1
DA:41,1
DA:44,1
DA:45,1
DA:52,1
LF:11
LH:11
BRF:0
BRH:0
end_of_record
TN:
SF:/home/micah/Documents/git/github.com/balena-io/contrato/test/contract/hash.spec.ts
FN:23,(anonymous_1)
FN:36,(anonymous_2)
FNF:2
FNH:2
FNDA:1,(anonymous_1)
FNDA:1,(anonymous_2)
DA:19,1
DA:21,1
DA:23,1
DA:24,1
DA:30,1
DA:31,1
DA:32,1
DA:33,1
DA:36,1
DA:37,1
DA:43,1
DA:44,1
DA:45,1
DA:47,1
DA:48,1
DA:49,1
LF:16
LH:16
BRF:0
BRH:0
end_of_record
TN:
SF:/home/micah/Documents/git/github.com/balena-io/contrato/test/contract/interpolate.spec.ts
FN:23,(anonymous_1)
FN:49,(anonymous_2)
FN:81,(anonymous_3)
FN:95,(anonymous_4)
FNF:4
FNH:4
FNDA:1,(anonymous_1)
FNDA:1,(anonymous_2)
FNDA:1,(anonymous_3)
FNDA:1,(anonymous_4)
DA:19,1
DA:21,1
DA:23,1
DA:24,1
DA:34,1
DA:35,1
DA:37,1
DA:49,1
DA:50,1
DA:60,1
DA:62,1
DA:63,1
DA:67,1
DA:78,1
DA:81,1
DA:82,1
DA:92,1
DA:95,1
DA:96,1
DA:110,1
LF:20
LH:20
BRF:0
BRH:0
end_of_record
TN:
SF:/home/micah/Documents/git/github.com/balena-io/contrato/test/contract/is-equal.spec.ts
FN:23,(anonymous_1)
FN:39,(anonymous_2)
FN:55,(anonymous_3)
FN:75,(anonymous_4)
FNF:4
FNH:4
FNDA:1,(anonymous_1)
FNDA:1,(anonymous_2)
FNDA:1,(anonymous_3)
FNDA:1,(anonymous_4)
DA:19,1
DA:21,1
DA:23,1
DA:24,1
DA:30,1
DA:36,1
DA:39,1
DA:40,1
DA:46,1
DA:52,1
DA:55,1
DA:56,1
DA:64,1
DA:72,1
DA:75,1
DA:76,1
DA:84,1
DA:92,1
LF:18
LH:18
BRF:0
BRH:0
end_of_record
TN:
SF:/home/micah/Documents/git/github.com/balena-io/contrato/test/contract/remove-child.spec.ts
FN:30,(anonymous_1)
FN:44,(anonymous_2)
FN:58,(anonymous_3)
FN:71,(anonymous_4)
FN:85,(anonymous_5)
FN:99,(anonymous_6)
FN:113,(anonymous_7)
FN:126,(anonymous_8)
FN:139,(anonymous_9)
FN:149,(anonymous_10)
FN:159,(anonymous_11)
FN:177,(anonymous_12)
FN:201,(anonymous_13)
FN:232,(anonymous_14)
FN:246,(anonymous_15)
FNF:15
FNH:15
FNDA:1,(anonymous_1)
FNDA:1,(anonymous_2)
FNDA:1,(anonymous_3)
FNDA:1,(anonymous_4)
FNDA:1,(anonymous_5)
FNDA:1,(anonymous_6)
FNDA:1,(anonymous_7)
FNDA:1,(anonymous_8)
FNDA:1,(anonymous_9)
FNDA:1,(anonymous_10)
FNDA:1,(anonymous_11)
FNDA:1,(anonymous_12)
FNDA:1,(anonymous_13)
FNDA:1,(anonymous_14)
FNDA:1,(anonymous_15)
DA:19,1
DA:21,1
DA:22,1
DA:23,1
DA:25,1
DA:30,1
DA:31,1
DA:32,1
DA:33,1
DA:35,1
DA:36,1
DA:37,1
DA:39,1
DA:40,1
DA:41,1
DA:44,1
DA:45,1
DA:46,1
DA:47,1
DA:49,1
DA:50,1
DA:51,1
DA:53,1
DA:54,1
DA:55,1
DA:58,1
DA:59,1
DA:60,1
DA:62,1
DA:63,1
DA:64,1
DA:66,1
DA:67,1
DA:68,1
DA:71,1
DA:72,1
DA:73,1
DA:74,1
DA:76,1
DA:77,1
DA:78,1
DA:80,1
DA:81,1
DA:82,1
DA:85,1
DA:86,1
DA:87,1
DA:88,1
DA:90,1
DA:91,1
DA:92,1
DA:94,1
DA:95,1
DA:96,1
DA:99,1
DA:100,1
DA:101,1
DA:102,1
DA:104,1
DA:105,1
DA:106,1
DA:108,1
DA:109,1
DA:110,1
DA:113,1
DA:114,1
DA:115,1
DA:117,1
DA:118,1
DA:119,1
DA:121,1
DA:122,1
DA:123,1
DA:126,1
DA:127,1
DA:128,1
DA:130,1
DA:131,1
DA:132,1
DA:134,1
DA:135,1
DA:136,1
DA:139,1
DA:140,1
DA:141,1
DA:142,1
DA:144,1
DA:145,1
DA:146,1
DA:149,1
DA:150,1
DA:151,1
DA:152,1
DA:154,1
DA:155,1
DA:156,1
DA:159,1
DA:160,1
DA:161,1
DA:168,1
DA:169,1
DA:170,1
DA:172,1
DA:173,1
DA:174,1
DA:177,1
DA:178,1
DA:185,1
DA:192,1
DA:193,1
DA:194,1
DA:196,1
DA:197,1
DA:198,1
DA:201,1
DA:202,1
DA:209,1
DA:216,1
DA:223,1
DA:224,1
DA:225,1
DA:227,1
DA:228,1
DA:229,1
DA:232,1
DA:233,1
DA:234,1
DA:235,1
DA:237,1
DA:238,1
DA:239,1
DA:240,1
DA:242,1
DA:243,1
DA:246,1
DA:247,1
DA:248,1
DA:249,1
DA:251,1
DA:252,1
DA:253,1
DA:254,1
DA:258,1
LF:143
LH:143
BRF:0
BRH:0
end_of_record
TN:
SF:/home/micah/Documents/git/github.com/balena-io/contrato/test/contract/satisfies-child-contract.spec.ts
FN:24,(anonymous_1)
FN:38,(anonymous_2)
FN:58,(anonymous_3)
FN:77,(anonymous_4)
FN:102,(anonymous_5)
FN:132,(anonymous_6)
FN:157,(anonymous_7)
FN:186,(anonymous_8)
FN:210,(anonymous_9)
FN:241,(anonymous_10)
FN:268,(anonymous_11)
FN:295,(anonymous_12)
FN:317,(anonymous_13)
FN:346,(anonymous_14)
FN:375,(anonymous_15)
FN:408,(anonymous_16)
FN:437,(anonymous_17)
FN:465,(anonymous_18)
FN:502,(anonymous_19)
FN:533,(anonymous_20)
FN:576,(anonymous_21)
FN:603,(anonymous_22)
FN:636,(anonymous_23)
FN:687,(anonymous_24)
FN:739,(anonymous_25)
FN:792,(anonymous_26)
FN:827,(anonymous_27)
FNF:27
FNH:27
FNDA:1,(anonymous_1)
FNDA:1,(anonymous_2)
FNDA:1,(anonymous_3)
FNDA:1,(anonymous_4)
FNDA:1,(anonymous_5)
FNDA:1,(anonymous_6)
FNDA:1,(anonymous_7)
FNDA:1,(anonymous_8)
FNDA:1,(anonymous_9)
FNDA:1,(anonymous_10)
FNDA:1,(anonymous_11)
FNDA:1,(anonymous_12)
FNDA:1,(anonymous_13)
FNDA:1,(anonymous_14)
FNDA:1,(anonymous_15)
FNDA:1,(anonymous_16)
FNDA:1,(anonymous_17)
FNDA:1,(anonymous_18)
FNDA:1,(anonymous_19)
FNDA:1,(anonymous_20)
FNDA:1,(anonymous_21)
FNDA:1,(anonymous_22)
FNDA:1,(anonymous_23)
FNDA:1,(anonymous_24)
FNDA:1,(anonymous_25)
FNDA:1,(anonymous_26)
FNDA:1,(anonymous_27)
DA:19,1
DA:21,1
DA:22,1
DA:24,1
DA:25,1
DA:30,1
DA:38,1
DA:39,1
DA:44,1
DA:58,1
DA:59,1
DA:64,1
DA:69,1
DA:77,1
DA:78,1
DA:83,1
DA:88,1
DA:102,1
DA:103,1
DA:108,1
DA:114,1
DA:132,1
DA:133,1
DA:138,1
DA:144,1
DA:157,1
DA:158,1
DA:163,1
DA:169,1
DA:186,1
DA:187,1
DA:192,1
DA:198,1
DA:210,1
DA:211,1
DA:216,1
DA:220,1
DA:241,1
DA:242,1
DA:247,1
DA:251,1
DA:268,1
DA:269,1
DA:274,1
DA:278,1
DA:295,1
DA:296,1
DA:301,1
DA:305,1
DA:317,1
DA:318,1
DA:323,1
DA:329,1
DA:346,1
DA:347,1
DA:352,1
DA:358,1
DA:375,1
DA:376,1
DA:381,1
DA:387,1
DA:408,1
DA:409,1
DA:414,1
DA:420,1
DA:437,1
DA:438,1
DA:443,1
DA:449,1
DA:465,1
DA:466,1
DA:471,1
DA:477,1
DA:502,1
DA:503,1
DA:508,1
DA:514,1
DA:533,1
DA:534,1
DA:539,1
DA:545,1
DA:576,1
DA:577,1
DA:582,1
DA:588,1
DA:603,1
DA:604,1
DA:609,1
DA:613,1
DA:636,1
DA:637,1
DA:642,1
DA:647,1
DA:660,1
DA:662,1
DA:687,1
DA:688,1
DA:693,1
DA:698,1
DA:711,1
DA:713,1
DA:738,1
DA:740,1
DA:745,1
DA:750,1
DA:763,1
DA:765,1
DA:792,1
DA:793,1
DA:798,1
DA:803,1
DA:808,1
DA:822,1
DA:824,1
DA:827,1
DA:828,1
DA:833,1
DA:838,1
DA:843,1
DA:857,1
DA:859,1
LF:121
LH:121
BRF:0
BRH:0
end_of_record
TN:
SF:/home/micah/Documents/git/github.com/balena-io/contrato/test/contract/to-json.spec.ts
FN:24,(anonymous_1)
FN:30,(anonymous_2)
FN:49,(anonymous_3)
FN:76,(anonymous_4)
FN:101,(anonymous_5)
FN:124,(anonymous_6)
FN:152,(anonymous_7)
FN:193,(anonymous_8)
FN:232,(anonymous_9)
FNF:9
FNH:9
FNDA:1,(anonymous_1)
FNDA:1,(anonymous_2)
FNDA:1,(anonymous_3)
FNDA:1,(anonymous_4)
FNDA:1,(anonymous_5)
FNDA:1,(anonymous_6)
FNDA:1,(anonymous_7)
FNDA:1,(anonymous_8)
FNDA:1,(anonymous_9)
DA:19,1
DA:21,1
DA:22,1
DA:24,1
DA:25,1
DA:26,1
DA:27,1
DA:30,1
DA:31,1
DA:36,1
DA:38,1
DA:49,1
DA:50,1
DA:55,1
DA:60,1
DA:76,1
DA:77,1
DA:82,1
DA:87,1
DA:101,1
DA:102,1
DA:107,1
DA:112,1
DA:124,1
DA:125,1
DA:132,1
DA:137,1
DA:139,1
DA:149,1
DA:152,1
DA:153,1
DA:160,1
DA:167,1
DA:172,1
DA:174,1
DA:190,1
DA:193,1
DA:194,1
DA:201,1
DA:207,1
DA:212,1
DA:214,1
DA:229,1
DA:232,1
DA:233,1
DA:239,1
DA:246,1
DA:251,1
DA:253,1
DA:268,1
LF:50
LH:50
BRF:0
BRH:0
end_of_record
TN:
SF:/home/micah/Documents/git/github.com/balena-io/contrato/test/contract/constructor/children.spec.ts
FN:24,(anonymous_1)
FN:77,(anonymous_2)
FN:153,(anonymous_3)
FN:241,(anonymous_4)
FNF:4
FNH:4
FNDA:1,(anonymous_1)
FNDA:1,(anonymous_2)
FNDA:1,(anonymous_3)
FNDA:1,(anonymous_4)
DA:19,1
DA:21,1
DA:22,1
DA:24,1
DA:25,1
DA:39,1
DA:60,1
DA:74,1
DA:77,1
DA:78,1
DA:99,1
DA:129,1
DA:150,1
DA:153,1
DA:154,1
DA:179,1
DA:213,1
DA:238,1
DA:241,1
DA:242,1
DA:264,1
DA:295,1
DA:317,1
LF:23
LH:23
BRF:0
BRH:0
end_of_record
TN:
SF:/home/micah/Documents/git/github.com/balena-io/contrato/test/contract/constructor/constructor.spec.ts
FN:25,(anonymous_1)
FNF:1
FNH:1
FNDA:1,(anonymous_1)
DA:19,1
DA:21,1
DA:22,1
DA:23,1
DA:25,1
DA:26,1
DA:32,1
DA:49,1
LF:8
LH:8
BRF:0
BRH:0
end_of_record
TN:
SF:/home/micah/Documents/git/github.com/balena-io/contrato/test/contract/constructor/hash.spec.ts
FN:24,(anonymous_1)
FN:29,(anonymous_2)
FNF:2
FNH:2
FNDA:1,(anonymous_1)
FNDA:1,(anonymous_2)
DA:19,1
DA:21,1
DA:22,1
DA:24,1
DA:25,1
DA:26,1
DA:29,1
DA:30,1
DA:34,1
LF:9
LH:9
BRF:0
BRH:0
end_of_record
TN:
SF:/home/micah/Documents/git/github.com/balena-io/contrato/test/contract/constructor/requirements.spec.ts
FN:24,(anonymous_1)
FN:36,(anonymous_2)
FN:58,(anonymous_3)
FN:102,(anonymous_4)
FN:158,(anonymous_5)
FN:220,(anonymous_6)
FN:292,(anonymous_7)
FNF:7
FNH:7
FNDA:13,(anonymous_1)
FNDA:1,(anonymous_2)
FNDA:1,(anonymous_3)
FNDA:1,(anonymous_4)
FNDA:1,(anonymous_5)
FNDA:1,(anonymous_6)
FNDA:1,(anonymous_7)
DA:19,1
DA:21,1
DA:22,1
DA:24,1
DA:25,13
DA:27,13
DA:28,18
DA:33,13
DA:36,1
DA:37,1
DA:44,1
DA:50,1
DA:58,1
DA:59,1
DA:71,1
DA:89,1
DA:102,1
DA:103,1
DA:119,1
DA:141,1
DA:158,1
DA:159,1
DA:175,1
DA:203,1
DA:220,1
DA:221,1
DA:241,1
DA:271,1
DA:292,1
DA:293,1
DA:313,1
DA:339,1
LF:32
LH:32
BRF:0
BRH:0
end_of_record
TN:
SF:/home/micah/Documents/git/github.com/balena-io/contrato/test/contract/constructor/templates.spec.ts
FN:23,(anonymous_1)
FN:41,(anonymous_2)
FN:57,(anonymous_3)
FNF:3
FNH:3
FNDA:1,(anonymous_1)
FNDA:1,(anonymous_2)
FNDA:1,(anonymous_3)
DA:19,1
DA:21,1
DA:23,1
DA:24,1
DA:31,1
DA:33,1
DA:41,1
DA:42,1
DA:48,1
DA:50,1
DA:57,1
DA:58,1
DA:67,1
DA:69,1
LF:14
LH:14
BRF:0
BRH:0
end_of_record
TN:
SF:/home/micah/Documents/git/github.com/balena-io/contrato/test/hash/hash-object.spec.ts
FN:23,(anonymous_7)
FN:29,(anonymous_8)
FN:43,(anonymous_9)
FN:57,(anonymous_10)
FNF:4
FNH:4
FNDA:1,(anonymous_7)
FNDA:1,(anonymous_8)
FNDA:1,(anonymous_9)
FNDA:1,(anonymous_10)
DA:19,1
DA:20,1
DA:21,1
DA:23,1
DA:24,1
DA:29,1
DA:30,1
DA:35,1
DA:40,1
DA:43,1
DA:44,1
DA:48,1
DA:49,1
DA:50,1
DA:52,1
DA:53,1
DA:54,1
DA:57,1
DA:58,1
DA:62,1
DA:66,1
DA:70,1
DA:71,1
DA:72,1
LF:24
LH:24
BRF:0
BRH:0
end_of_record
TN:
SF:/home/micah/Documents/git/github.com/balena-io/contrato/test/matcher-cache/add.spec.ts
FN:24,(anonymous_1)
FN:44,(anonymous_2)
FN:74,(anonymous_3)
FNF:3
FNH:3
FNDA:1,(anonymous_1)
FNDA:1,(anonymous_2)
FNDA:1,(anonymous_3)
DA:19,1
DA:21,1
DA:22,1
DA:24,1
DA:25,1
DA:27,1
DA:32,1
DA:34,1
DA:44,1
DA:45,1
DA:47,1
DA:52,1
DA:57,1
DA:58,1
DA:60,1
DA:74,1
DA:75,1
DA:77,1
DA:82,1
DA:87,1
DA:88,1
DA:90,1
LF:22
LH:22
BRF:0
BRH:0
end_of_record
TN:
SF:/home/micah/Documents/git/github.com/balena-io/contrato/test/matcher-cache/constructor.spec.ts
FN:24,(anonymous_1)
FNF:1
FNH:1
FNDA:1,(anonymous_1)
DA:20,1
DA:22,1
DA:24,1
DA:25,1
DA:26,1
LF:5
LH:5
BRF:0
BRH:0
end_of_record
TN:
SF:/home/micah/Documents/git/github.com/balena-io/contrato/test/matcher-cache/get-types.spec.ts
FN:24,(anonymous_1)
FN:29,(anonymous_2)
FN:42,(anonymous_3)
FN:61,(anonymous_4)
FN:80,(anonymous_5)
FNF:5
FNH:5
FNDA:1,(anonymous_1)
FNDA:1,(anonymous_2)
FNDA:1,(anonymous_3)
FNDA:1,(anonymous_4)
FNDA:1,(anonymous_5)
DA:19,1
DA:21,1
DA:22,1
DA:24,1
DA:25,1
DA:26,1
DA:29,1
DA:30,1
DA:32,1
DA:37,1
DA:39,1
DA:42,1
DA:43,1
DA:45,1
DA:50,1
DA:55,1
DA:56,1
DA:58,1
DA:61,1
DA:62,1
DA:64,1
DA:69,1
DA:74,1
DA:75,1
DA:77,1
DA:80,1
DA:81,1
DA:83,1
DA:88,1
DA:93,1
DA:94,1
DA:96,1
DA:98,1
LF:33
LH:33
BRF:0
BRH:0
end_of_record
TN:
SF:/home/micah/Documents/git/github.com/balena-io/contrato/test/matcher-cache/get.spec.ts
FN:24,(anonymous_1)
FN:41,(anonymous_2)
FNF:2
FNH:2
FNDA:1,(anonymous_1)
FNDA:1,(anonymous_2)
DA:19,1
DA:21,1
DA:22,1
DA:24,1
DA:25,1
DA:27,1
DA:32,1
DA:36,1
DA:41,1
DA:42,1
DA:44,1
DA:49,1
DA:54,1
DA:58,1
LF:14
LH:14
BRF:0
BRH:0
end_of_record
TN:
SF:/home/micah/Documents/git/github.com/balena-io/contrato/test/matcher-cache/merge.spec.ts
FN:24,(anonymous_1)
FN:31,(anonymous_2)
FN:64,(anonymous_3)
FN:99,(anonymous_4)
FN:134,(anonymous_5)
FN:169,(anonymous_6)
FNF:6
FNH:6
FNDA:1,(anonymous_1)
FNDA:1,(anonymous_2)
FNDA:1,(anonymous_3)
FNDA:1,(anonymous_4)
FNDA:1,(anonymous_5)
FNDA:1,(anonymous_6)
DA:19,1
DA:21,1
DA:22,1
DA:24,1
DA:25,1
DA:26,1
DA:27,1
DA:28,1
DA:31,1
DA:32,1
DA:33,1
DA:35,1
DA:40,1
DA:45,1
DA:46,1
DA:48,1
DA:50,1
DA:64,1
DA:65,1
DA:66,1
DA:68,1
DA:73,1
DA:78,1
DA:79,1
DA:81,1
DA:83,1
DA:99,1
DA:100,1
DA:101,1
DA:103,1
DA:108,1
DA:113,1
DA:114,1
DA:116,1
DA:118,1
DA:134,1
DA:135,1
DA:136,1
DA:138,1
DA:143,1
DA:148,1
DA:153,1
DA:154,1
DA:155,1
DA:157,1
DA:159,1
DA:169,1
DA:170,1
DA:171,1
DA:173,1
DA:178,1
DA:183,1
DA:188,1
DA:189,1
DA:190,1
DA:192,1
LF:56
LH:56
BRF:0
BRH:0
end_of_record
TN:
SF:/home/micah/Documents/git/github.com/balena-io/contrato/test/matcher-cache/reset-type.spec.ts
FN:24,(anonymous_1)
FN:58,(anonymous_2)
FNF:2
FNH:2
FNDA:1,(anonymous_1)
FNDA:1,(anonymous_2)
DA:19,1
DA:21,1
DA:22,1
DA:24,1
DA:25,1
DA:27,1
DA:32,1
DA:37,1
DA:42,1
DA:43,1
DA:44,1
DA:46,1
DA:48,1
DA:58,1
DA:59,1
DA:61,1
DA:66,1
DA:71,1
DA:76,1
DA:77,1
DA:78,1
DA:80,1
DA:82,1
LF:23
LH:23
BRF:0
BRH:0
end_of_record
TN:
SF:/home/micah/Documents/git/github.com/balena-io/contrato/test/object-set/add.spec.ts
FN:22,(anonymous_1)
FN:36,(anonymous_2)
FN:57,(anonymous_3)
FN:75,(anonymous_4)
FNF:4
FNH:4
FNDA:1,(anonymous_1)
FNDA:1,(anonymous_2)
FNDA:1,(anonymous_3)
FNDA:1,(anonymous_4)
DA:19,1
DA:20,1
DA:22,1
DA:23,1
DA:25,1
DA:29,1
DA:36,1
DA:37,1
DA:43,1
DA:47,1
DA:57,1
DA:58,1
DA:64,1
DA:68,1
DA:75,1
DA:76,1
DA:78,1
DA:84,1
LF:18
LH:18
BRF:0
BRH:0
end_of_record
TN:
SF:/home/micah/Documents/git/github.com/balena-io/contrato/test/object-set/constructor.spec.ts
FN:23,(anonymous_1)
FN:28,(anonymous_2)
FN:48,(anonymous_3)
FN:65,(anonymous_4)
FNF:4
FNH:4
FNDA:1,(anonymous_1)
FNDA:1,(anonymous_2)
FNDA:1,(anonymous_3)
FNDA:1,(anonymous_4)
DA:19,1
DA:21,1
DA:23,1
DA:24,1
DA:25,1
DA:28,1
DA:29,1
DA:38,1
DA:48,1
DA:49,1
DA:58,1
DA:65,1
DA:66,1
DA:85,1
DA:94,1
DA:95,1
LF:16
LH:16
BRF:0
BRH:0
end_of_record
TN:
SF:/home/micah/Documents/git/github.com/balena-io/contrato/test/object-set/get-all.spec.ts
FN:22,(anonymous_1)
FN:27,(anonymous_2)
FNF:2
FNH:2
FNDA:1,(anonymous_1)
FNDA:1,(anonymous_2)
DA:19,1
DA:20,1
DA:22,1
DA:23,1
DA:24,1
DA:27,1
DA:28,1
DA:37,1
LF:8
LH:8
BRF:0
BRH:0
end_of_record
TN:
SF:/home/micah/Documents/git/github.com/balena-io/contrato/test/object-set/has-id.spec.ts
FN:23,(anonymous_1)
FN:41,(anonymous_2)
FNF:2
FNH:2
FNDA:1,(anonymous_1)
FNDA:1,(anonymous_2)
DA:19,1
DA:21,1
DA:23,1
DA:24,1
DA:26,1
DA:32,1
DA:38,1
DA:41,1
DA:42,1
DA:44,1
DA:50,1
DA:56,1
LF:12
LH:12
BRF:0
BRH:0
end_of_record
TN:
SF:/home/micah/Documents/git/github.com/balena-io/contrato/test/object-set/has-object.spec.ts
FN:23,(anonymous_1)
FN:38,(anonymous_2)
FNF:2
FNH:2
FNDA:1,(anonymous_1)
FNDA:1,(anonymous_2)
DA:19,1
DA:21,1
DA:23,1
DA:24,1
DA:33,1
DA:38,1
DA:39,1
DA:48,1
LF:8
LH:8
BRF:0
BRH:0
end_of_record
TN:
SF:/home/micah/Documents/git/github.com/balena-io/contrato/test/object-set/intersection.spec.ts
FN:23,(anonymous_1)
FN:52,(anonymous_2)
FN:67,(anonymous_3)
FN:88,(anonymous_4)
FN:101,(anonymous_5)
FN:114,(anonymous_6)
FN:151,(anonymous_7)
FNF:7
FNH:7
FNDA:1,(anonymous_1)
FNDA:1,(anonymous_2)
FNDA:1,(anonymous_3)
FNDA:1,(anonymous_4)
FNDA:1,(anonymous_5)
FNDA:1,(anonymous_6)
FNDA:1,(anonymous_7)
DA:19,1
DA:21,1
DA:23,1
DA:24,1
DA:25,1
DA:27,1
DA:31,1
DA:35,1
DA:39,1
DA:43,1
DA:45,1
DA:52,1
DA:53,1
DA:54,1
DA:56,1
DA:60,1
DA:64,1
DA:67,1
DA:68,1
DA:69,1
DA:71,1
DA:75,1
DA:79,1
DA:83,1
DA:85,1
DA:88,1
DA:89,1
DA:90,1
DA:92,1
DA:96,1
DA:98,1
DA:101,1
DA:102,1
DA:103,1
DA:105,1
DA:109,1
DA:111,1
DA:114,1
DA:115,1
DA:116,1
DA:118,1
DA:124,1
DA:130,1
DA:136,1
DA:142,1
DA:144,1
DA:151,1
DA:152,1
DA:153,1
DA:155,1
DA:161,1
DA:167,1
DA:173,1
DA:179,1
DA:181,1
LF:55
LH:55
BRF:0
BRH:0
end_of_record
TN:
SF:/home/micah/Documents/git/github.com/balena-io/contrato/test/object-set/size.spec.ts
FN:23,(anonymous_1)
FN:28,(anonymous_2)
FN:38,(anonymous_3)
FN:51,(anonymous_4)
FN:64,(anonymous_5)
FNF:5
FNH:5
FNDA:1,(anonymous_1)
FNDA:1,(anonymous_2)
FNDA:1,(anonymous_3)
FNDA:1,(anonymous_4)
FNDA:1,(anonymous_5)
DA:19,1
DA:21,1
DA:23,1
DA:24,1
DA:25,1
DA:28,1
DA:29,1
DA:35,1
DA:38,1
DA:39,1
DA:48,1
DA:51,1
DA:52,1
DA:61,1
DA:64,1
DA:65,1
DA:67,1
DA:71,1
DA:73,1
DA:77,1
LF:20
LH:20
BRF:0
BRH:0
end_of_record
TN:
SF:/home/micah/Documents/git/github.com/balena-io/contrato/test/partials/find-partial.spec.ts
FN:24,(anonymous_1)
FN:47,(anonymous_2)
FN:71,(anonymous_3)
FN:101,(anonymous_4)
FN:131,(anonymous_5)
FN:162,(anonymous_6)
FN:192,(anonymous_7)
FN:223,(anonymous_8)
FN:254,(anonymous_9)
FN:279,(anonymous_10)
FN:308,(anonymous_11)
FN:343,(anonymous_12)
FN:378,(anonymous_13)
FNF:13
FNH:13
FNDA:1,(anonymous_1)
FNDA:1,(anonymous_2)
FNDA:1,(anonymous_3)
FNDA:1,(anonymous_4)
FNDA:1,(anonymous_5)
FNDA:1,(anonymous_6)
FNDA:1,(anonymous_7)
FNDA:1,(anonymous_8)
FNDA:1,(anonymous_9)
FNDA:1,(anonymous_10)
FNDA:1,(anonymous_11)
FNDA:1,(anonymous_12)
FNDA:1,(anonymous_13)
DA:19,1
DA:20,1
DA:22,1
DA:24,1
DA:25,1
DA:30,1
DA:38,1
DA:47,1
DA:48,1
DA:53,1
DA:62,1
DA:71,1
DA:72,1
DA:77,1
DA:92,1
DA:101,1
DA:102,1
DA:107,1
DA:121,1
DA:131,1
DA:132,1
DA:137,1
DA:152,1
DA:162,1
DA:163,1
DA:168,1
DA:182,1
DA:192,1
DA:193,1
DA:198,1
DA:213,1
DA:223,1
DA:224,1
DA:229,1
DA:244,1
DA:254,1
DA:255,1
DA:260,1
DA:269,1
DA:279,1
DA:280,1
DA:285,1
DA:298,1
DA:308,1
DA:309,1
DA:314,1
DA:329,1
DA:343,1
DA:344,1
DA:349,1
DA:367,1
DA:378,1
DA:379,1
DA:384,1
DA:405,1
LF:55
LH:55
BRF:0
BRH:0
end_of_record
TN:
SF:/home/micah/Documents/git/github.com/balena-io/contrato/test/template/compile-contract.spec.ts
FN:22,(anonymous_1)
FN:36,(anonymous_2)
FN:50,(anonymous_3)
FN:82,(anonymous_4)
FN:96,(anonymous_5)
FN:124,(anonymous_6)
FN:138,(anonymous_7)
FN:162,(anonymous_8)
FN:192,(anonymous_9)
FN:222,(anonymous_10)
FN:246,(anonymous_11)
FNF:11
FNH:11
FNDA:1,(anonymous_1)
FNDA:1,(anonymous_2)
FNDA:1,(anonymous_3)
FNDA:1,(anonymous_4)
FNDA:1,(anonymous_5)
FNDA:1,(anonymous_6)
FNDA:1,(anonymous_7)
FNDA:1,(anonymous_8)
FNDA:1,(anonymous_9)
FNDA:1,(anonymous_10)
FNDA:1,(anonymous_11)
DA:19,1
DA:20,1
DA:22,1
DA:23,1
DA:36,1
DA:37,1
DA:50,1
DA:51,1
DA:82,1
DA:83,1
DA:96,1
DA:97,1
DA:124,1
DA:125,1
DA:138,1
DA:139,1
DA:151,1
DA:162,1
DA:163,1
DA:178,1
DA:192,1
DA:193,1
DA:208,1
DA:222,1
DA:223,1
DA:235,1
DA:246,1
DA:247,1
DA:262,1
LF:29
LH:29
BRF:0
BRH:0
end_of_record
TN:
SF:/home/micah/Documents/git/github.com/balena-io/contrato/test/utils/are-sets-disjoint.spec.ts
FN:22,(anonymous_1)
FN:30,(anonymous_2)
FN:38,(anonymous_3)
FN:42,(anonymous_4)
FNF:4
FNH:4
FNDA:1,(anonymous_1)
FNDA:1,(anonymous_2)
FNDA:1,(anonymous_3)
FNDA:1,(anonymous_4)
DA:19,1
DA:20,1
DA:22,1
DA:23,1
DA:24,1
DA:26,1
DA:27,1
DA:30,1
DA:31,1
DA:32,1
DA:34,1
DA:35,1
DA:38,1
DA:39,1
DA:42,1
DA:43,1
DA:44,1
DA:46,1
DA:47,1
LF:19
LH:19
BRF:0
BRH:0
end_of_record
TN:
SF:/home/micah/Documents/git/github.com/balena-io/contrato/test/utils/cartesian-product-with.spec.ts
FN:23,(anonymous_7)
FN:28,(anonymous_8)
FN:35,(anonymous_9)
FN:40,(anonymous_10)
FN:47,(anonymous_11)
FN:48,(anonymous_12)
FN:55,(anonymous_13)
FN:58,(anonymous_14)
FN:67,(anonymous_15)
FN:71,(anonymous_16)
FN:88,(anonymous_17)
FN:92,(anonymous_18)
FN:117,(anonymous_19)
FN:122,(anonymous_20)
FN:127,(anonymous_21)
FNF:15
FNH:13
FNDA:1,(anonymous_7)
FNDA:0,(anonymous_8)
FNDA:1,(anonymous_9)
FNDA:1,(anonymous_10)
FNDA:1,(anonymous_11)
FNDA:0,(anonymous_12)
FNDA:1,(anonymous_13)
FNDA:1,(anonymous_14)
FNDA:1,(anonymous_15)
FNDA:12,(anonymous_16)
FNDA:1,(anonymous_17)
FNDA:12,(anonymous_18)
FNDA:1,(anonymous_19)
FNDA:33,(anonymous_20)
FNDA:48,(anonymous_21)
DA:19,1
DA:20,1
DA:21,1
DA:23,1
DA:24,1
DA:29,0
DA:32,1
DA:35,1
DA:36,1
DA:41,1
DA:44,1
DA:47,1
DA:48,1
DA:49,0
DA:52,1
DA:55,1
DA:56,1
DA:59,1
DA:62,1
DA:67,1
DA:68,1
DA:72,12
DA:75,1
DA:88,1
DA:89,1
DA:93,12
DA:94,2
DA:97,10
DA:98,1
DA:101,9
DA:102,1
DA:105,8
DA:108,1
DA:117,1
DA:118,1
DA:123,33
DA:127,33
DA:128,48
DA:130,2
DA:133,31
DA:136,1
LF:41
LH:39
BRDA:93,0,0,2
BRDA:93,0,1,10
BRDA:93,1,0,12
BRDA:93,1,1,9
BRDA:97,2,0,1
BRDA:97,2,1,9
BRDA:97,3,0,10
BRDA:97,3,1,3
BRDA:101,4,0,1
BRDA:101,4,1,8
BRDA:101,5,0,9
BRDA:101,5,1,2
BRDA:127,6,0,2
BRDA:127,6,1,31
BRDA:127,7,0,33
BRDA:127,7,1,30
BRF:16
BRH:16
end_of_record
TN:
SF:/home/micah/Documents/git/github.com/balena-io/contrato/test/utils/set-first.spec.ts
FN:22,(anonymous_1)
FN:27,(anonymous_2)
FN:32,(anonymous_3)
FN:40,(anonymous_4)
FNF:4
FNH:4
FNDA:1,(anonymous_1)
FNDA:1,(anonymous_2)
FNDA:1,(anonymous_3)
FNDA:1,(anonymous_4)
DA:19,1
DA:20,1
DA:22,1
DA:23,1
DA:24,1
DA:27,1
DA:28,1
DA:29,1
DA:32,1
DA:33,1
DA:34,1
DA:35,1
DA:36,1
DA:37,1
DA:40,1
DA:41,1
DA:42,1
LF:17
LH:17
BRF:0
BRH:0
end_of_record
TN:
SF:/home/micah/Documents/git/github.com/balena-io/contrato/test/utils/set-map.spec.ts
FN:22,(anonymous_1)
FN:24,(anonymous_2)
FN:29,(anonymous_3)
FN:31,(anonymous_4)
FNF:4
FNH:3
FNDA:1,(anonymous_1)
FNDA:0,(anonymous_2)
FNDA:1,(anonymous_3)
FNDA:3,(anonymous_4)
DA:19,1
DA:20,1
DA:22,1
DA:23,1
DA:24,1
DA:25,0
DA:29,1
DA:30,1
DA:31,1
DA:32,3
LF:10
LH:9
BRF:0
BRH:0
end_of_record
TN:
SF:/home/micah/Documents/git/github.com/balena-io/contrato/test/utils/set-union.spec.ts
FN:22,(anonymous_1)
FN:30,(anonymous_2)
FN:38,(anonymous_3)
FN:46,(anonymous_4)
FN:57,(anonymous_5)
FN:64,(anonymous_6)
FNF:6
FNH:6
FNDA:1,(anonymous_1)
FNDA:1,(anonymous_2)
FNDA:1,(anonymous_3)
FNDA:1,(anonymous_4)
FNDA:1,(anonymous_5)
FNDA:1,(anonymous_6)
DA:19,1
DA:20,1
DA:22,1
DA:23,1
DA:24,1
DA:25,1
DA:27,1
DA:30,1
DA:31,1
DA:32,1
DA:33,1
DA:35,1
DA:38,1
DA:39,1
DA:40,1
DA:41,1
DA:43,1
DA:46,1
DA:47,1
DA:48,1
DA:50,1
DA:51,1
DA:53,1
DA:54,1
DA:57,1
DA:58,1
DA:59,1
DA:61,1
DA:64,1
DA:65,1
DA:66,1
DA:68,1
LF:32
LH:32
BRF:0
BRH:0
end_of_record
TN:
SF:/home/micah/Documents/git/github.com/balena-io/contrato/test/utils/strip-extra-blank-lines.spec.ts
FN:23,(anonymous_7)
FN:43,(anonymous_8)
FN:65,(anonymous_9)
FN:76,(anonymous_10)
FN:88,(anonymous_11)
FN:99,(anonymous_12)
FNF:6
FNH:6
FNDA:1,(anonymous_7)
FNDA:1,(anonymous_8)
FNDA:1,(anonymous_9)
FNDA:1,(anonymous_10)
FNDA:1,(anonymous_11)
FNDA:1,(anonymous_12)
DA:19,1
DA:20,1
DA:21,1
DA:23,1
DA:24,1
DA:34,1
DA:43,1
DA:44,1
DA:56,1
DA:65,1
DA:66,1
DA:71,1
DA:76,1
DA:77,1
DA:83,1
DA:88,1
DA:89,1
DA:94,1
DA:99,1
DA:100,1
DA:106,1
LF:21
LH:21
BRF:0
BRH:0
end_of_record
TN:
SF:/home/micah/Documents/git/github.com/balena-io/contrato/test/variants/build.spec.ts
FN:22,(anonymous_1)
FN:36,(anonymous_2)
FN:51,(anonymous_3)
FN:117,(anonymous_4)
FN:214,(anonymous_5)
FNF:5
FNH:5
FNDA:1,(anonymous_1)
FNDA:1,(anonymous_2)
FNDA:1,(anonymous_3)
FNDA:1,(anonymous_4)
FNDA:1,(anonymous_5)
DA:19,1
DA:20,1
DA:22,1
DA:23,1
DA:36,1
DA:37,1
DA:51,1
DA:52,1
DA:117,1
DA:118,1
DA:214,1
DA:215,1
LF:12
LH:12
BRF:0
BRH:0
end_of_record
